<?xml version="1.0" encoding="UTF-8"?>
<!-- Generated by org.testng.reporters.JUnitXMLReporter -->
<testsuite ignored="6" hostname="BAC033" failures="4" tests="6" name="website" time="11.008" errors="0" timestamp="22 Nov 2022 06:22:25 GMT">
  <testcase classname="com.Cosmoslots.testCases.PlayerDeletionHistory" name="A_TC_PlayerDeletionHistory_Redirect" time="8.376"/>
  <testcase classname="com.Cosmoslots.testCases.PlayerDeletionHistory" name="B_TC_PlayerDeletionHistory_ViewList" time="0.563"/>
  <testcase classname="com.Cosmoslots.testCases.PlayerDeletionHistory" name="D_TC_PlayerDeletionHistory_DownloadExcel" time="2.025">
    <failure type="org.openqa.selenium.NoSuchWindowException" message="no such window: target window already closed
from unknown error: web view not found
  (Session info: chrome=107.0.5304.107)
Build info: version: &amp;apos;3.141.59&amp;apos;, revision: &amp;apos;e82be7d358&amp;apos;, time: &amp;apos;2018-11-14T08:17:03&amp;apos;
System info: host: &amp;apos;BAC033&amp;apos;, ip: &amp;apos;172.30.200.30&amp;apos;, os.name: &amp;apos;Windows 11&amp;apos;, os.arch: &amp;apos;amd64&amp;apos;, os.version: &amp;apos;10.0&amp;apos;, java.version: &amp;apos;17.0.2&amp;apos;
Driver info: org.openqa.selenium.chrome.ChromeDriver
Capabilities {acceptInsecureCerts: false, browserName: chrome, browserVersion: 107.0.5304.107, chrome: {chromedriverVersion: 107.0.5304.62 (1eec40d3a576..., userDataDir: C:\Users\SHRIKR~1.SON\AppDa...}, goog:chromeOptions: {debuggerAddress: localhost:61594}, javascriptEnabled: true, networkConnectionEnabled: false, pageLoadStrategy: normal, platform: WINDOWS, platformName: WINDOWS, proxy: Proxy(), setWindowRect: true, strictFileInteractability: false, timeouts: {implicit: 0, pageLoad: 300000, script: 30000}, unhandledPromptBehavior: dismiss and notify, webauthn:extension:credBlob: true, webauthn:extension:largeBlob: true, webauthn:virtualAuthenticators: true}
Session ID: eeb45a44768236914969826755160df8
*** Element info: {Using=xpath, value=//h3[text()=&amp;apos;Player Deletion History&amp;apos;]}">
      <![CDATA[org.openqa.selenium.NoSuchWindowException: no such window: target window already closed
from unknown error: web view not found
  (Session info: chrome=107.0.5304.107)
Build info: version: '3.141.59', revision: 'e82be7d358', time: '2018-11-14T08:17:03'
System info: host: 'BAC033', ip: '172.30.200.30', os.name: 'Windows 11', os.arch: 'amd64', os.version: '10.0', java.version: '17.0.2'
Driver info: org.openqa.selenium.chrome.ChromeDriver
Capabilities {acceptInsecureCerts: false, browserName: chrome, browserVersion: 107.0.5304.107, chrome: {chromedriverVersion: 107.0.5304.62 (1eec40d3a576..., userDataDir: C:\Users\SHRIKR~1.SON\AppDa...}, goog:chromeOptions: {debuggerAddress: localhost:61594}, javascriptEnabled: true, networkConnectionEnabled: false, pageLoadStrategy: normal, platform: WINDOWS, platformName: WINDOWS, proxy: Proxy(), setWindowRect: true, strictFileInteractability: false, timeouts: {implicit: 0, pageLoad: 300000, script: 30000}, unhandledPromptBehavior: dismiss and notify, webauthn:extension:credBlob: true, webauthn:extension:largeBlob: true, webauthn:virtualAuthenticators: true}
Session ID: eeb45a44768236914969826755160df8
*** Element info: {Using=xpath, value=//h3[text()='Player Deletion History']}
at org.openqa.selenium.remote.http.W3CHttpResponseCodec.createException(W3CHttpResponseCodec.java:187)
at org.openqa.selenium.remote.http.W3CHttpResponseCodec.decode(W3CHttpResponseCodec.java:122)
at org.openqa.selenium.remote.http.W3CHttpResponseCodec.decode(W3CHttpResponseCodec.java:49)
at org.openqa.selenium.remote.HttpCommandExecutor.execute(HttpCommandExecutor.java:158)
at org.openqa.selenium.remote.service.DriverCommandExecutor.execute(DriverCommandExecutor.java:83)
at org.openqa.selenium.remote.RemoteWebDriver.execute(RemoteWebDriver.java:548)
at org.openqa.selenium.remote.RemoteWebDriver.findElement(RemoteWebDriver.java:322)
at org.openqa.selenium.remote.RemoteWebDriver.findElementByXPath(RemoteWebDriver.java:424)
at org.openqa.selenium.By$ByXPath.findElement(By.java:353)
at org.openqa.selenium.remote.RemoteWebDriver.findElement(RemoteWebDriver.java:314)
at com.Cosmoslots.testCases.PlayerDeletionHistory.D_TC_PlayerDeletionHistory_DownloadExcel(PlayerDeletionHistory.java:142)
... Removed 30 stack frames]]>
    </failure>
  </testcase> <!-- D_TC_PlayerDeletionHistory_DownloadExcel -->
  <testcase classname="com.Cosmoslots.testCases.UserRoleTest" name="B_TC_UserRole_GF2_Add" time="0.008">
    <failure type="java.lang.NullPointerException" message="Cannot invoke &amp;quot;com.aventstack.extentreports.ExtentReports.createTest(String)&amp;quot; because &amp;quot;this.extent&amp;quot; is null">
      <![CDATA[java.lang.NullPointerException: Cannot invoke "com.aventstack.extentreports.ExtentReports.createTest(String)" because "this.extent" is null
at com.Cosmoslots.utilities.BaseClass.extentCreateTest(BaseClass.java:216)
at com.Cosmoslots.testCases.UserRoleTest.B_TC_UserRole_GF2_Add(UserRoleTest.java:100)
... Removed 25 stack frames]]>
    </failure>
  </testcase> <!-- B_TC_UserRole_GF2_Add -->
  <testcase classname="com.Cosmoslots.testCases.UserRoleTest" name="C_TC_UserRole_GF2_Search" time="0.005">
    <failure type="java.lang.NullPointerException" message="Cannot invoke &amp;quot;com.aventstack.extentreports.ExtentReports.createTest(String)&amp;quot; because &amp;quot;this.extent&amp;quot; is null">
      <![CDATA[java.lang.NullPointerException: Cannot invoke "com.aventstack.extentreports.ExtentReports.createTest(String)" because "this.extent" is null
at com.Cosmoslots.utilities.BaseClass.extentCreateTest(BaseClass.java:216)
at com.Cosmoslots.testCases.UserRoleTest.C_TC_UserRole_GF2_Search(UserRoleTest.java:146)
... Removed 25 stack frames]]>
    </failure>
  </testcase> <!-- C_TC_UserRole_GF2_Search -->
  <testcase classname="com.Cosmoslots.testCases.UserRoleTest" name="D_TC_UserRole_GF2_view" time="0.003">
    <failure type="java.lang.NullPointerException" message="Cannot invoke &amp;quot;com.aventstack.extentreports.ExtentReports.createTest(String)&amp;quot; because &amp;quot;this.extent&amp;quot; is null">
      <![CDATA[java.lang.NullPointerException: Cannot invoke "com.aventstack.extentreports.ExtentReports.createTest(String)" because "this.extent" is null
at com.Cosmoslots.utilities.BaseClass.extentCreateTest(BaseClass.java:216)
at com.Cosmoslots.testCases.UserRoleTest.D_TC_UserRole_GF2_view(UserRoleTest.java:188)
... Removed 25 stack frames]]>
    </failure>
  </testcase> <!-- D_TC_UserRole_GF2_view -->
  <testcase classname="com.Cosmoslots.testCases.PlayerDeletionHistory" name="E_TC_PlayerDeletionHistory_Search" time="0.0">
    <ignored/>
  </testcase> <!-- E_TC_PlayerDeletionHistory_Search -->
  <testcase classname="com.Cosmoslots.testCases.UserRoleTest" name="F_TC_UserRole_GF2_delete" time="0.0">
    <ignored/>
  </testcase> <!-- F_TC_UserRole_GF2_delete -->
  <testcase classname="com.Cosmoslots.testCases.UserRoleTest" name="E_TC_UserRole_GF2_edit" time="0.0">
    <ignored/>
  </testcase> <!-- E_TC_UserRole_GF2_edit -->
  <testcase classname="com.Cosmoslots.utilities.BaseClass" name="@AfterSuite teardown" time="0.0">
    <ignored/>
  </testcase> <!-- @AfterSuite teardown -->
  <testcase classname="com.Cosmoslots.utilities.BaseClass" name="@BeforeSuite setup" time="0.0">
    <ignored/>
  </testcase> <!-- @BeforeSuite setup -->
  <testcase classname="com.Cosmoslots.testCases.PlayerDeletionHistory" name="C_TC_PlayerDeletionHistory_DownloadPDF" time="0.0">
    <ignored/>
  </testcase> <!-- C_TC_PlayerDeletionHistory_DownloadPDF -->
</testsuite> <!-- website -->
