<?xml version="1.0" encoding="UTF-8"?>
<!-- Generated by org.testng.reporters.JUnitReportReporter -->
<testsuite hostname="BAC031" failures="1" tests="39" name="com.Cosmoslots.testCases.PlayerProfileTest" time="182.496" errors="2" timestamp="06 Oct 2022 11:51:07 GMT" skipped="0">
  <testcase classname="com.Cosmoslots.testCases.PlayerProfileTest" name="Zj_TC_PlayerProfileTest_ActionViewTabsSupportRequestCreateNew" time="7.620"/>
  <testcase classname="com.Cosmoslots.testCases.PlayerProfileTest" name="B_TC_PlayerProfile_GF3026_Redirect" time="2.815"/>
  <testcase classname="com.Cosmoslots.testCases.PlayerProfileTest" name="P_TC_PlayerProfileTest_ActionViewTabsPurchaseHistorySearch" time="3.706"/>
  <testcase classname="com.Cosmoslots.testCases.PlayerProfileTest" name="R_TC_PlayerProfileTest_ActionViewTabsPurchaseHistoryXLSX" time="2.640"/>
  <testcase classname="com.Cosmoslots.testCases.PlayerProfileTest" name="Zn_TC_PlayerProfileTest_CheckVerificationSymbol" time="4.140"/>
  <testcase classname="com.Cosmoslots.testCases.PlayerProfileTest" name="V_TC_PlayerProfileTest_ActionViewTabsWithdrawRequestXLSX" time="3.134"/>
  <testcase classname="com.Cosmoslots.testCases.PlayerProfileTest" name="Zb_TC_PlayerProfileTest_ActionViewTabsPlayerLedgerSearch" time="3.812"/>
  <testcase classname="com.Cosmoslots.testCases.PlayerProfileTest" name="E_TC_PlayerProfileTest_GF3029_Phone" time="0.022"/>
  <testcase classname="com.Cosmoslots.testCases.PlayerProfileTest" name="Zk_TC_PlayerProfileTest_ActionViewTabsSupportRequestAction" time="3.702"/>
  <testcase classname="com.Cosmoslots.testCases.PlayerProfileTest" name="N_TC_PlayerProfileTest_ActionViewTabsProfile" time="2.115"/>
  <testcase classname="com.Cosmoslots.testCases.PlayerProfileTest" name="Zf_TC_PlayerProfileTest_ActionViewTabsPlayerLedgerCheckTokens" time="0.013"/>
  <testcase classname="com.Cosmoslots.testCases.PlayerProfileTest" name="Qa_TC_PlayerProfileTest_ActionViewTabsPurchaseHistoryDownloadReciept" time="7.395"/>
  <testcase classname="com.Cosmoslots.testCases.PlayerProfileTest" name="S_TC_PlayerProfileTest_ActionViewTabsPurchaseHistoryAction" time="4.738"/>
  <testcase classname="com.Cosmoslots.testCases.PlayerProfileTest" name="G_TC_PlayerProfileTest_GF3031_Country" time="0.016"/>
  <testcase classname="com.Cosmoslots.testCases.PlayerProfileTest" name="D_TC_PlayerProfileTest_GF3028_ViewFirstLastName" time="10.213">
    <failure message="expected [true] but found [false]" type="java.lang.AssertionError">
      <![CDATA[java.lang.AssertionError: expected [true] but found [false]
at org.testng.Assert.fail(Assert.java:96)
at org.testng.Assert.failNotEquals(Assert.java:776)
at org.testng.Assert.assertTrue(Assert.java:44)
at org.testng.Assert.assertTrue(Assert.java:54)
at com.Cosmoslots.testCases.PlayerProfileTest.D_TC_PlayerProfileTest_GF3028_ViewFirstLastName(TC_PlayerProfile.java:146)
at java.base/jdk.internal.reflect.NativeMethodAccessorImpl.invoke0(Native Method)
at java.base/jdk.internal.reflect.NativeMethodAccessorImpl.invoke(NativeMethodAccessorImpl.java:77)
at java.base/jdk.internal.reflect.DelegatingMethodAccessorImpl.invoke(DelegatingMethodAccessorImpl.java:43)
at java.base/java.lang.reflect.Method.invoke(Method.java:568)
at org.testng.internal.MethodInvocationHelper.invokeMethod(MethodInvocationHelper.java:124)
at org.testng.internal.Invoker.invokeMethod(Invoker.java:583)
at org.testng.internal.Invoker.invokeTestMethod(Invoker.java:719)
at org.testng.internal.Invoker.invokeTestMethods(Invoker.java:989)
at org.testng.internal.TestMethodWorker.invokeTestMethods(TestMethodWorker.java:125)
at org.testng.internal.TestMethodWorker.run(TestMethodWorker.java:109)
at org.testng.TestRunner.privateRun(TestRunner.java:648)
at org.testng.TestRunner.run(TestRunner.java:505)
at org.testng.SuiteRunner.runTest(SuiteRunner.java:455)
at org.testng.SuiteRunner.runSequentially(SuiteRunner.java:450)
at org.testng.SuiteRunner.privateRun(SuiteRunner.java:415)
at org.testng.SuiteRunner.run(SuiteRunner.java:364)
at org.testng.SuiteRunnerWorker.runSuite(SuiteRunnerWorker.java:52)
at org.testng.SuiteRunnerWorker.run(SuiteRunnerWorker.java:84)
at org.testng.TestNG.runSuitesSequentially(TestNG.java:1208)
at org.testng.TestNG.runSuitesLocally(TestNG.java:1137)
at org.testng.TestNG.runSuites(TestNG.java:1049)
at org.testng.TestNG.run(TestNG.java:1017)
at org.testng.remote.AbstractRemoteTestNG.run(AbstractRemoteTestNG.java:115)
at org.testng.remote.RemoteTestNG.initAndRun(RemoteTestNG.java:251)
at org.testng.remote.RemoteTestNG.main(RemoteTestNG.java:77)
]]>
    </failure>
  </testcase> <!-- D_TC_PlayerProfileTest_GF3028_ViewFirstLastName -->
  <testcase classname="com.Cosmoslots.testCases.PlayerProfileTest" name="Wb_TC_PlayerProfileTest_ActionViewTabsWithdrawRequestApprove" time="4.232"/>
  <testcase classname="com.Cosmoslots.testCases.PlayerProfileTest" name="K_TC_PlayerProfileTest_GF3035ViewInfo" time="0.023"/>
  <testcase classname="com.Cosmoslots.testCases.PlayerProfileTest" name="F_TC_PlayerProfileTest_GF3030_Email" time="0.026"/>
  <testcase classname="com.Cosmoslots.testCases.PlayerProfileTest" name="T_TC_PlayerProfileTest_ActionViewTabsWithdrawRequestSearch" time="3.777"/>
  <testcase classname="com.Cosmoslots.testCases.PlayerProfileTest" name="X_TC_PlayerProfileTest_ActionViewTabsTrancsationHistorySearch" time="4.761"/>
  <testcase classname="com.Cosmoslots.testCases.PlayerProfileTest" name="W_TC_PlayerProfileTest_ActionViewTabsWithdrawRequestAction" time="4.499"/>
  <testcase classname="com.Cosmoslots.testCases.PlayerProfileTest" name="Nb_TC_PlayerProfileTest_ActionViewTabsAddTokensByPackage" time="8.315"/>
  <testcase classname="com.Cosmoslots.testCases.PlayerProfileTest" name="Zi_TC_PlayerProfileTest_ActionViewTabsSupportRequestXLSX" time="2.608"/>
  <testcase classname="com.Cosmoslots.testCases.PlayerProfileTest" name="Za_TC_PlayerProfileTest_ActionViewTabsTrancsationHistoryAction" time="3.212"/>
  <testcase classname="com.Cosmoslots.testCases.PlayerProfileTest" name="M_TC_PlayerProfileTest_Searchplayer" time="3.929"/>
  <testcase classname="com.Cosmoslots.testCases.PlayerProfileTest" name="Zm_TC_PlayerProfileTest_ActionViewTabsAppliedCoupons" time="12.724"/>
  <testcase classname="com.Cosmoslots.testCases.PlayerProfileTest" name="H_TC_PlayerProfileTest_GF3032_State" time="0.022"/>
  <testcase classname="com.Cosmoslots.testCases.PlayerProfileTest" name="Zl_TC_PlayerProfileTest_ActionViewTabsGameTransationsSearch" time="14.777"/>
  <testcase classname="com.Cosmoslots.testCases.PlayerProfileTest" name="Ze_TC_PlayerProfileTest_ActionViewTabsPlayerLedgerAction" time="4.187"/>
  <testcase classname="com.Cosmoslots.testCases.PlayerProfileTest" name="O_TC_PlayerProfileTest_ActionViewTabsTokenDetails" time="2.586"/>
  <testcase classname="com.Cosmoslots.testCases.PlayerProfileTest" name="J_TC_PlayerProfileTest_GF3034_Status" time="0.038"/>
  <testcase classname="com.Cosmoslots.testCases.PlayerProfileTest" name="C_TC_PlayerProfileTest_GF3027_ViewAvtar" time="1.491"/>
  <testcase classname="com.Cosmoslots.testCases.PlayerProfileTest" name="La_TC_PlayerProfileTest_Edit" time="14.518">
    <error message="no such element: Unable to locate element: {&quot;method&quot;:&quot;xpath&quot;,&quot;selector&quot;:&quot;//input[@formcontrolname=&quot;username&quot;]&quot;}
  (Session info: chrome=106.0.5249.103)
For documentation on this error, please visit: https://www.seleniumhq.org/exceptions/no_such_element.html
Build info: version: &#039;3.141.59&#039;, revision: &#039;e82be7d358&#039;, time: &#039;2018-11-14T08:17:03&#039;
System info: host: &#039;BAC031&#039;, ip: &#039;172.30.200.65&#039;, os.name: &#039;Windows 11&#039;, os.arch: &#039;amd64&#039;, os.version: &#039;10.0&#039;, java.version: &#039;17.0.2&#039;
Driver info: org.openqa.selenium.chrome.ChromeDriver
Capabilities {acceptInsecureCerts: false, browserName: chrome, browserVersion: 106.0.5249.103, chrome: {chromedriverVersion: 105.0.5195.52 (412c95e51883..., userDataDir: C:\Users\PARAS~1.RAN\AppDat...}, goog:chromeOptions: {debuggerAddress: localhost:49316}, javascriptEnabled: true, networkConnectionEnabled: false, pageLoadStrategy: normal, platform: WINDOWS, platformName: WINDOWS, proxy: Proxy(), setWindowRect: true, strictFileInteractability: false, timeouts: {implicit: 0, pageLoad: 300000, script: 30000}, unhandledPromptBehavior: dismiss and notify, webauthn:extension:credBlob: true, webauthn:extension:largeBlob: true, webauthn:virtualAuthenticators: true}
Session ID: 2701aacdb0a3bc7a3cc43ae07db25819
*** Element info: {Using=xpath, value=//input[@formcontrolname=&quot;username&quot;]}" type="org.openqa.selenium.NoSuchElementException">
      <![CDATA[org.openqa.selenium.NoSuchElementException: no such element: Unable to locate element: {"method":"xpath","selector":"//input[@formcontrolname="username"]"}
  (Session info: chrome=106.0.5249.103)
For documentation on this error, please visit: https://www.seleniumhq.org/exceptions/no_such_element.html
Build info: version: '3.141.59', revision: 'e82be7d358', time: '2018-11-14T08:17:03'
System info: host: 'BAC031', ip: '172.30.200.65', os.name: 'Windows 11', os.arch: 'amd64', os.version: '10.0', java.version: '17.0.2'
Driver info: org.openqa.selenium.chrome.ChromeDriver
Capabilities {acceptInsecureCerts: false, browserName: chrome, browserVersion: 106.0.5249.103, chrome: {chromedriverVersion: 105.0.5195.52 (412c95e51883..., userDataDir: C:\Users\PARAS~1.RAN\AppDat...}, goog:chromeOptions: {debuggerAddress: localhost:49316}, javascriptEnabled: true, networkConnectionEnabled: false, pageLoadStrategy: normal, platform: WINDOWS, platformName: WINDOWS, proxy: Proxy(), setWindowRect: true, strictFileInteractability: false, timeouts: {implicit: 0, pageLoad: 300000, script: 30000}, unhandledPromptBehavior: dismiss and notify, webauthn:extension:credBlob: true, webauthn:extension:largeBlob: true, webauthn:virtualAuthenticators: true}
Session ID: 2701aacdb0a3bc7a3cc43ae07db25819
*** Element info: {Using=xpath, value=//input[@formcontrolname="username"]}
at java.base/jdk.internal.reflect.NativeConstructorAccessorImpl.newInstance0(Native Method)
at java.base/jdk.internal.reflect.NativeConstructorAccessorImpl.newInstance(NativeConstructorAccessorImpl.java:77)
at java.base/jdk.internal.reflect.DelegatingConstructorAccessorImpl.newInstance(DelegatingConstructorAccessorImpl.java:45)
at java.base/java.lang.reflect.Constructor.newInstanceWithCaller(Constructor.java:499)
at java.base/java.lang.reflect.Constructor.newInstance(Constructor.java:480)
at org.openqa.selenium.remote.http.W3CHttpResponseCodec.createException(W3CHttpResponseCodec.java:187)
at org.openqa.selenium.remote.http.W3CHttpResponseCodec.decode(W3CHttpResponseCodec.java:122)
at org.openqa.selenium.remote.http.W3CHttpResponseCodec.decode(W3CHttpResponseCodec.java:49)
at org.openqa.selenium.remote.HttpCommandExecutor.execute(HttpCommandExecutor.java:158)
at org.openqa.selenium.remote.service.DriverCommandExecutor.execute(DriverCommandExecutor.java:83)
at org.openqa.selenium.remote.RemoteWebDriver.execute(RemoteWebDriver.java:548)
at org.openqa.selenium.remote.RemoteWebDriver.findElement(RemoteWebDriver.java:322)
at org.openqa.selenium.remote.RemoteWebDriver.findElementByXPath(RemoteWebDriver.java:424)
at org.openqa.selenium.By$ByXPath.findElement(By.java:353)
at org.openqa.selenium.remote.RemoteWebDriver.findElement(RemoteWebDriver.java:314)
at org.openqa.selenium.support.pagefactory.DefaultElementLocator.findElement(DefaultElementLocator.java:69)
at org.openqa.selenium.support.pagefactory.internal.LocatingElementHandler.invoke(LocatingElementHandler.java:38)
at jdk.proxy2/jdk.proxy2.$Proxy15.clear(Unknown Source)
at com.Cosmoslots.testCases.PlayerProfileTest.La_TC_PlayerProfileTest_Edit(TC_PlayerProfile.java:542)
at java.base/jdk.internal.reflect.NativeMethodAccessorImpl.invoke0(Native Method)
at java.base/jdk.internal.reflect.NativeMethodAccessorImpl.invoke(NativeMethodAccessorImpl.java:77)
at java.base/jdk.internal.reflect.DelegatingMethodAccessorImpl.invoke(DelegatingMethodAccessorImpl.java:43)
at java.base/java.lang.reflect.Method.invoke(Method.java:568)
at org.testng.internal.MethodInvocationHelper.invokeMethod(MethodInvocationHelper.java:124)
at org.testng.internal.Invoker.invokeMethod(Invoker.java:583)
at org.testng.internal.Invoker.invokeTestMethod(Invoker.java:719)
at org.testng.internal.Invoker.invokeTestMethods(Invoker.java:989)
at org.testng.internal.TestMethodWorker.invokeTestMethods(TestMethodWorker.java:125)
at org.testng.internal.TestMethodWorker.run(TestMethodWorker.java:109)
at org.testng.TestRunner.privateRun(TestRunner.java:648)
at org.testng.TestRunner.run(TestRunner.java:505)
at org.testng.SuiteRunner.runTest(SuiteRunner.java:455)
at org.testng.SuiteRunner.runSequentially(SuiteRunner.java:450)
at org.testng.SuiteRunner.privateRun(SuiteRunner.java:415)
at org.testng.SuiteRunner.run(SuiteRunner.java:364)
at org.testng.SuiteRunnerWorker.runSuite(SuiteRunnerWorker.java:52)
at org.testng.SuiteRunnerWorker.run(SuiteRunnerWorker.java:84)
at org.testng.TestNG.runSuitesSequentially(TestNG.java:1208)
at org.testng.TestNG.runSuitesLocally(TestNG.java:1137)
at org.testng.TestNG.runSuites(TestNG.java:1049)
at org.testng.TestNG.run(TestNG.java:1017)
at org.testng.remote.AbstractRemoteTestNG.run(AbstractRemoteTestNG.java:115)
at org.testng.remote.RemoteTestNG.initAndRun(RemoteTestNG.java:251)
at org.testng.remote.RemoteTestNG.main(RemoteTestNG.java:77)
]]>
    </error>
  </testcase> <!-- La_TC_PlayerProfileTest_Edit -->
  <testcase classname="com.Cosmoslots.testCases.PlayerProfileTest" name="I_TC_PlayerProfileTest_GF3033PlayerId" time="0.025"/>
  <testcase classname="com.Cosmoslots.testCases.PlayerProfileTest" name="Na_TC_PlayerProfileTest_ActionViewTabsAddTokens" time="16.559"/>
  <testcase classname="com.Cosmoslots.testCases.PlayerProfileTest" name="A_loginTest_PlayerProfile" time="4.485"/>
  <testcase classname="com.Cosmoslots.testCases.PlayerProfileTest" name="Wa_TC_PlayerProfileTest_ActionViewTabsWithdrawRequestCreateNew" time="5.711"/>
  <testcase classname="com.Cosmoslots.testCases.PlayerProfileTest" name="Zg_TC_PlayerProfileTest_ActionViewTabsSupportRequestSearch" time="3.817"/>
  <testcase classname="com.Cosmoslots.testCases.PlayerProfileTest" name="L_TC_PlayerProfileTest_GF3070ActiveInactive" time="10.093">
    <error message="element not interactable
  (Session info: chrome=106.0.5249.103)
Build info: version: &#039;3.141.59&#039;, revision: &#039;e82be7d358&#039;, time: &#039;2018-11-14T08:17:03&#039;
System info: host: &#039;BAC031&#039;, ip: &#039;172.30.200.65&#039;, os.name: &#039;Windows 11&#039;, os.arch: &#039;amd64&#039;, os.version: &#039;10.0&#039;, java.version: &#039;17.0.2&#039;
Driver info: org.openqa.selenium.chrome.ChromeDriver
Capabilities {acceptInsecureCerts: false, browserName: chrome, browserVersion: 106.0.5249.103, chrome: {chromedriverVersion: 105.0.5195.52 (412c95e51883..., userDataDir: C:\Users\PARAS~1.RAN\AppDat...}, goog:chromeOptions: {debuggerAddress: localhost:49316}, javascriptEnabled: true, networkConnectionEnabled: false, pageLoadStrategy: normal, platform: WINDOWS, platformName: WINDOWS, proxy: Proxy(), setWindowRect: true, strictFileInteractability: false, timeouts: {implicit: 0, pageLoad: 300000, script: 30000}, unhandledPromptBehavior: dismiss and notify, webauthn:extension:credBlob: true, webauthn:extension:largeBlob: true, webauthn:virtualAuthenticators: true}
Session ID: 2701aacdb0a3bc7a3cc43ae07db25819" type="org.openqa.selenium.ElementNotInteractableException">
      <![CDATA[org.openqa.selenium.ElementNotInteractableException: element not interactable
  (Session info: chrome=106.0.5249.103)
Build info: version: '3.141.59', revision: 'e82be7d358', time: '2018-11-14T08:17:03'
System info: host: 'BAC031', ip: '172.30.200.65', os.name: 'Windows 11', os.arch: 'amd64', os.version: '10.0', java.version: '17.0.2'
Driver info: org.openqa.selenium.chrome.ChromeDriver
Capabilities {acceptInsecureCerts: false, browserName: chrome, browserVersion: 106.0.5249.103, chrome: {chromedriverVersion: 105.0.5195.52 (412c95e51883..., userDataDir: C:\Users\PARAS~1.RAN\AppDat...}, goog:chromeOptions: {debuggerAddress: localhost:49316}, javascriptEnabled: true, networkConnectionEnabled: false, pageLoadStrategy: normal, platform: WINDOWS, platformName: WINDOWS, proxy: Proxy(), setWindowRect: true, strictFileInteractability: false, timeouts: {implicit: 0, pageLoad: 300000, script: 30000}, unhandledPromptBehavior: dismiss and notify, webauthn:extension:credBlob: true, webauthn:extension:largeBlob: true, webauthn:virtualAuthenticators: true}
Session ID: 2701aacdb0a3bc7a3cc43ae07db25819
at java.base/jdk.internal.reflect.NativeConstructorAccessorImpl.newInstance0(Native Method)
at java.base/jdk.internal.reflect.NativeConstructorAccessorImpl.newInstance(NativeConstructorAccessorImpl.java:77)
at java.base/jdk.internal.reflect.DelegatingConstructorAccessorImpl.newInstance(DelegatingConstructorAccessorImpl.java:45)
at java.base/java.lang.reflect.Constructor.newInstanceWithCaller(Constructor.java:499)
at java.base/java.lang.reflect.Constructor.newInstance(Constructor.java:480)
at org.openqa.selenium.remote.http.W3CHttpResponseCodec.createException(W3CHttpResponseCodec.java:187)
at org.openqa.selenium.remote.http.W3CHttpResponseCodec.decode(W3CHttpResponseCodec.java:122)
at org.openqa.selenium.remote.http.W3CHttpResponseCodec.decode(W3CHttpResponseCodec.java:49)
at org.openqa.selenium.remote.HttpCommandExecutor.execute(HttpCommandExecutor.java:158)
at org.openqa.selenium.remote.service.DriverCommandExecutor.execute(DriverCommandExecutor.java:83)
at org.openqa.selenium.remote.RemoteWebDriver.execute(RemoteWebDriver.java:548)
at org.openqa.selenium.remote.RemoteWebElement.execute(RemoteWebElement.java:276)
at org.openqa.selenium.remote.RemoteWebElement.click(RemoteWebElement.java:83)
at com.Cosmoslots.testCases.PlayerProfileTest.L_TC_PlayerProfileTest_GF3070ActiveInactive(TC_PlayerProfile.java:441)
at java.base/jdk.internal.reflect.NativeMethodAccessorImpl.invoke0(Native Method)
at java.base/jdk.internal.reflect.NativeMethodAccessorImpl.invoke(NativeMethodAccessorImpl.java:77)
at java.base/jdk.internal.reflect.DelegatingMethodAccessorImpl.invoke(DelegatingMethodAccessorImpl.java:43)
at java.base/java.lang.reflect.Method.invoke(Method.java:568)
at org.testng.internal.MethodInvocationHelper.invokeMethod(MethodInvocationHelper.java:124)
at org.testng.internal.Invoker.invokeMethod(Invoker.java:583)
at org.testng.internal.Invoker.invokeTestMethod(Invoker.java:719)
at org.testng.internal.Invoker.invokeTestMethods(Invoker.java:989)
at org.testng.internal.TestMethodWorker.invokeTestMethods(TestMethodWorker.java:125)
at org.testng.internal.TestMethodWorker.run(TestMethodWorker.java:109)
at org.testng.TestRunner.privateRun(TestRunner.java:648)
at org.testng.TestRunner.run(TestRunner.java:505)
at org.testng.SuiteRunner.runTest(SuiteRunner.java:455)
at org.testng.SuiteRunner.runSequentially(SuiteRunner.java:450)
at org.testng.SuiteRunner.privateRun(SuiteRunner.java:415)
at org.testng.SuiteRunner.run(SuiteRunner.java:364)
at org.testng.SuiteRunnerWorker.runSuite(SuiteRunnerWorker.java:52)
at org.testng.SuiteRunnerWorker.run(SuiteRunnerWorker.java:84)
at org.testng.TestNG.runSuitesSequentially(TestNG.java:1208)
at org.testng.TestNG.runSuitesLocally(TestNG.java:1137)
at org.testng.TestNG.runSuites(TestNG.java:1049)
at org.testng.TestNG.run(TestNG.java:1017)
at org.testng.remote.AbstractRemoteTestNG.run(AbstractRemoteTestNG.java:115)
at org.testng.remote.RemoteTestNG.initAndRun(RemoteTestNG.java:251)
at org.testng.remote.RemoteTestNG.main(RemoteTestNG.java:77)
]]>
    </error>
  </testcase> <!-- L_TC_PlayerProfileTest_GF3070ActiveInactive -->
</testsuite> <!-- com.Cosmoslots.testCases.PlayerProfileTest -->
