<?xml version="1.0" encoding="UTF-8"?>
<!-- Generated by org.testng.reporters.JUnitReportReporter -->
<testsuite hostname="BAC031" failures="0" tests="6" name="com.Cosmoslots.testCases.JackpotWins" time="4.456" errors="1" timestamp="03 Oct 2022 06:24:47 GMT" skipped="4">
  <testcase classname="com.Cosmoslots.testCases.JackpotWins" name="D_TC_JackpotWins_Search" time="0.000">
    <skipped/>
  </testcase> <!-- D_TC_JackpotWins_Search -->
  <testcase classname="com.Cosmoslots.testCases.JackpotWins" name="A_loginTest_JackpotWins" time="4.456"/>
  <testcase classname="com.Cosmoslots.testCases.JackpotWins" name="B_TCJackpotWins_ViewScreen" time="0.000">
    <skipped/>
  </testcase> <!-- B_TCJackpotWins_ViewScreen -->
  <testcase classname="com.Cosmoslots.testCases.JackpotWins" name="C_TC_JackpotWins_ViewList" time="0.000">
    <skipped/>
  </testcase> <!-- C_TC_JackpotWins_ViewList -->
  <testcase classname="com.Cosmoslots.testCases.JackpotWins" name="E_TC_JackpotWins_ActionView" time="0.000">
    <skipped/>
  </testcase> <!-- E_TC_JackpotWins_ActionView -->
  <testcase classname="com.Cosmoslots.testCases.JackpotWins" name="getResult" time="0.000">
    <error message="Cannot invoke &quot;com.aventstack.extentreports.ExtentTest.log(com.aventstack.extentreports.Status, com.aventstack.extentreports.markuputils.Markup)&quot; because &quot;this.test&quot; is null" type="java.lang.NullPointerException">
      <![CDATA[java.lang.NullPointerException: Cannot invoke "com.aventstack.extentreports.ExtentTest.log(com.aventstack.extentreports.Status, com.aventstack.extentreports.markuputils.Markup)" because "this.test" is null
at com.Cosmoslots.utilities.BaseClass.getResult(BaseClass.java:285)
at jdk.internal.reflect.GeneratedMethodAccessor17.invoke(Unknown Source)
at java.base/jdk.internal.reflect.DelegatingMethodAccessorImpl.invoke(DelegatingMethodAccessorImpl.java:43)
at java.base/java.lang.reflect.Method.invoke(Method.java:568)
at org.testng.internal.MethodInvocationHelper.invokeMethod(MethodInvocationHelper.java:124)
at org.testng.internal.MethodInvocationHelper.invokeMethodConsideringTimeout(MethodInvocationHelper.java:59)
at org.testng.internal.Invoker.invokeConfigurationMethod(Invoker.java:458)
at org.testng.internal.Invoker.invokeConfigurations(Invoker.java:222)
at org.testng.internal.Invoker.invokeMethod(Invoker.java:646)
at org.testng.internal.Invoker.invokeTestMethod(Invoker.java:719)
at org.testng.internal.Invoker.invokeTestMethods(Invoker.java:989)
at org.testng.internal.TestMethodWorker.invokeTestMethods(TestMethodWorker.java:125)
at org.testng.internal.TestMethodWorker.run(TestMethodWorker.java:109)
at org.testng.TestRunner.privateRun(TestRunner.java:648)
at org.testng.TestRunner.run(TestRunner.java:505)
at org.testng.SuiteRunner.runTest(SuiteRunner.java:455)
at org.testng.SuiteRunner.runSequentially(SuiteRunner.java:450)
at org.testng.SuiteRunner.privateRun(SuiteRunner.java:415)
at org.testng.SuiteRunner.run(SuiteRunner.java:364)
at org.testng.SuiteRunnerWorker.runSuite(SuiteRunnerWorker.java:52)
at org.testng.SuiteRunnerWorker.run(SuiteRunnerWorker.java:84)
at org.testng.TestNG.runSuitesSequentially(TestNG.java:1208)
at org.testng.TestNG.runSuitesLocally(TestNG.java:1137)
at org.testng.TestNG.runSuites(TestNG.java:1049)
at org.testng.TestNG.run(TestNG.java:1017)
at org.testng.remote.AbstractRemoteTestNG.run(AbstractRemoteTestNG.java:115)
at org.testng.remote.RemoteTestNG.initAndRun(RemoteTestNG.java:251)
at org.testng.remote.RemoteTestNG.main(RemoteTestNG.java:77)
]]>
    </error>
  </testcase> <!-- getResult -->
</testsuite> <!-- com.Cosmoslots.testCases.JackpotWins -->
