<?xml version="1.0" encoding="UTF-8"?>
<!-- Generated by org.testng.reporters.JUnitReportReporter -->
<testsuite hostname="BAC033" failures="0" tests="49" name="com.Cosmoslots.testCases.PlayerProfileTest" time="397.863" errors="2" timestamp="2023-09-04T15:02:33 IST" skipped="0">
  <testcase classname="com.Cosmoslots.testCases.PlayerProfileTest" name="X_TC_PlayerProfileTest_ActionViewTabsTrancsationHistorySearch" time="2.738"/>
  <system-out/>
  <testcase classname="com.Cosmoslots.testCases.PlayerProfileTest" name="Za_TC_PlayerProfileTest_ActionViewTabsTrancsationHistoryAction" time="4.180"/>
  <system-out/>
  <testcase classname="com.Cosmoslots.testCases.PlayerProfileTest" name="Nd_TC_PlayerProfileTest_ActionViewTabsAddTokensByPackageManual" time="18.114"/>
  <system-out/>
  <testcase classname="com.Cosmoslots.testCases.PlayerProfileTest" name="Zsh_TC_PlayerProfileTest_ManageWalletWithdrawManualVerifyInWalletDeposit" time="25.445"/>
  <system-out/>
  <testcase classname="com.Cosmoslots.testCases.PlayerProfileTest" name="Zn_TC_PlayerProfileTest_CheckVerificationSymbol" time="3.879"/>
  <system-out/>
  <testcase classname="com.Cosmoslots.testCases.PlayerProfileTest" name="Ne_TC_PlayerProfileTest_ActionViewTabsManageTokensWithdrawTokens" time="5.692"/>
  <system-out/>
  <testcase classname="com.Cosmoslots.testCases.PlayerProfileTest" name="P_TC_PlayerProfileTest_ActionViewTabsPurchaseHistorySearch" time="6.738"/>
  <system-out/>
  <testcase classname="com.Cosmoslots.testCases.PlayerProfileTest" name="Zb_TC_PlayerProfileTest_ActionViewTabsPlayerLedgerSearch" time="3.787"/>
  <system-out/>
  <testcase classname="com.Cosmoslots.testCases.PlayerProfileTest" name="Zg_TC_PlayerProfileTest_ActionViewTabsSupportRequestSearch" time="3.775"/>
  <system-out/>
  <testcase classname="com.Cosmoslots.testCases.PlayerProfileTest" name="Zsa_TC_PlayerProfileTest_ManageWalletAddCashApp" time="13.365"/>
  <system-out/>
  <testcase classname="com.Cosmoslots.testCases.PlayerProfileTest" name="Z_TC_PlayerProfileTest_ActionViewTabsTrancsationHistoryXLSX" time="10.328"/>
  <system-out/>
  <testcase classname="com.Cosmoslots.testCases.PlayerProfileTest" name="K_TC_PlayerProfileTest_GF3035ViewInfo" time="0.041"/>
  <system-out/>
  <testcase classname="com.Cosmoslots.testCases.PlayerProfileTest" name="Bb_TC_PlayerProfile_GF3026_PlayerEditWeb" time="7.106"/>
  <system-out/>
  <testcase classname="com.Cosmoslots.testCases.PlayerProfileTest" name="M_TC_PlayerProfileTest_Searchplayer" time="3.831"/>
  <system-out/>
  <testcase classname="com.Cosmoslots.testCases.PlayerProfileTest" name="D_TC_PlayerProfileTest_GF3028_ViewDetails" time="3.334"/>
  <system-out/>
  <testcase classname="com.Cosmoslots.testCases.PlayerProfileTest" name="Zsg_TC_PlayerProfileTest_ManageWalletWithdrawCashApp" time="16.194"/>
  <system-out/>
  <testcase classname="com.Cosmoslots.testCases.PlayerProfileTest" name="O_TC_PlayerProfileTest_ActionViewTabsTokenDetails" time="3.656"/>
  <system-out/>
  <testcase classname="com.Cosmoslots.testCases.PlayerProfileTest" name="Zsk_TC_PlayerProfileTest_ManageWalletWithdrawCashAppVerifyInWalletDeposit" time="14.581"/>
  <system-out/>
  <testcase classname="com.Cosmoslots.testCases.PlayerProfileTest" name="Zl_TC_PlayerProfileTest_ActionViewTabsGameTransations_SlotSearch" time="10.783"/>
  <system-out/>
  <testcase classname="com.Cosmoslots.testCases.PlayerProfileTest" name="A_TC_PlayerProfile_GF3026_Redirect" time="1.083"/>
  <system-out/>
  <testcase classname="com.Cosmoslots.testCases.PlayerProfileTest" name="Zf_TC_PlayerProfileTest_ActionViewTabsPlayerLedgerCheckTokens" time="0.017"/>
  <system-out/>
  <testcase classname="com.Cosmoslots.testCases.PlayerProfileTest" name="Zsj_TC_PlayerProfileTest_ManageWalletWithdrawManual" time="14.037"/>
  <system-out/>
  <testcase classname="com.Cosmoslots.testCases.PlayerProfileTest" name="Zla_TC_PlayerProfileTest_ActionViewTabsGameTransations_KenoSearch" time="7.033"/>
  <system-out/>
  <testcase classname="com.Cosmoslots.testCases.PlayerProfileTest" name="S_TC_PlayerProfileTest_ActionViewTabsPurchaseHistoryAction" time="4.750"/>
  <system-out/>
  <testcase classname="com.Cosmoslots.testCases.PlayerProfileTest" name="Zd_TC_PlayerProfileTest_ActionViewTabsPlayerLedgerXLSX" time="11.657">
    <error message="no such element: Unable to locate element: {&quot;method&quot;:&quot;xpath&quot;,&quot;selector&quot;:&quot;//span[text()=&quot;Request initiated. You will get an email once the data is ready. The export is limited to 50000 records. Please contact administrator for more records.&quot;]&quot;}
  (Session info: chrome=116.0.5845.141)
For documentation on this error, please visit: https://www.seleniumhq.org/exceptions/no_such_element.html
Build info: version: &#039;3.141.59&#039;, revision: &#039;e82be7d358&#039;, time: &#039;2018-11-14T08:17:03&#039;
System info: host: &#039;BAC033&#039;, ip: &#039;172.30.200.30&#039;, os.name: &#039;Windows 11&#039;, os.arch: &#039;amd64&#039;, os.version: &#039;10.0&#039;, java.version: &#039;17.0.2&#039;
Driver info: org.openqa.selenium.chrome.ChromeDriver
Capabilities {acceptInsecureCerts: false, browserName: chrome, browserVersion: 116.0.5845.141, chrome: {chromedriverVersion: 116.0.5845.96 (1a3918166880..., userDataDir: C:\Users\SHRIKR~1.SON\AppDa...}, fedcm:accounts: true, goog:chromeOptions: {debuggerAddress: localhost:61619}, javascriptEnabled: true, networkConnectionEnabled: false, pageLoadStrategy: normal, platform: WINDOWS, platformName: WINDOWS, proxy: Proxy(), setWindowRect: true, strictFileInteractability: false, timeouts: {implicit: 0, pageLoad: 300000, script: 30000}, unhandledPromptBehavior: dismiss and notify, webauthn:extension:credBlob: true, webauthn:extension:largeBlob: true, webauthn:extension:minPinLength: true, webauthn:extension:prf: true, webauthn:virtualAuthenticators: true}
Session ID: 4995b1599506b2720722c68aa8f3721e
*** Element info: {Using=xpath, value=//span[text()=&quot;Request initiated. You will get an email once the data is ready. The export is limited to 50000 records. Please contact administrator for more records.&quot;]}" type="org.openqa.selenium.NoSuchElementException">
      <![CDATA[org.openqa.selenium.NoSuchElementException: no such element: Unable to locate element: {"method":"xpath","selector":"//span[text()="Request initiated. You will get an email once the data is ready. The export is limited to 50000 records. Please contact administrator for more records."]"}
  (Session info: chrome=116.0.5845.141)
For documentation on this error, please visit: https://www.seleniumhq.org/exceptions/no_such_element.html
Build info: version: '3.141.59', revision: 'e82be7d358', time: '2018-11-14T08:17:03'
System info: host: 'BAC033', ip: '172.30.200.30', os.name: 'Windows 11', os.arch: 'amd64', os.version: '10.0', java.version: '17.0.2'
Driver info: org.openqa.selenium.chrome.ChromeDriver
Capabilities {acceptInsecureCerts: false, browserName: chrome, browserVersion: 116.0.5845.141, chrome: {chromedriverVersion: 116.0.5845.96 (1a3918166880..., userDataDir: C:\Users\SHRIKR~1.SON\AppDa...}, fedcm:accounts: true, goog:chromeOptions: {debuggerAddress: localhost:61619}, javascriptEnabled: true, networkConnectionEnabled: false, pageLoadStrategy: normal, platform: WINDOWS, platformName: WINDOWS, proxy: Proxy(), setWindowRect: true, strictFileInteractability: false, timeouts: {implicit: 0, pageLoad: 300000, script: 30000}, unhandledPromptBehavior: dismiss and notify, webauthn:extension:credBlob: true, webauthn:extension:largeBlob: true, webauthn:extension:minPinLength: true, webauthn:extension:prf: true, webauthn:virtualAuthenticators: true}
Session ID: 4995b1599506b2720722c68aa8f3721e
*** Element info: {Using=xpath, value=//span[text()="Request initiated. You will get an email once the data is ready. The export is limited to 50000 records. Please contact administrator for more records."]}
at java.base/jdk.internal.reflect.NativeConstructorAccessorImpl.newInstance0(Native Method)
at java.base/jdk.internal.reflect.NativeConstructorAccessorImpl.newInstance(NativeConstructorAccessorImpl.java:77)
at java.base/jdk.internal.reflect.DelegatingConstructorAccessorImpl.newInstance(DelegatingConstructorAccessorImpl.java:45)
at java.base/java.lang.reflect.Constructor.newInstanceWithCaller(Constructor.java:499)
at java.base/java.lang.reflect.Constructor.newInstance(Constructor.java:480)
at org.openqa.selenium.remote.http.W3CHttpResponseCodec.createException(W3CHttpResponseCodec.java:187)
at org.openqa.selenium.remote.http.W3CHttpResponseCodec.decode(W3CHttpResponseCodec.java:122)
at org.openqa.selenium.remote.http.W3CHttpResponseCodec.decode(W3CHttpResponseCodec.java:49)
at org.openqa.selenium.remote.HttpCommandExecutor.execute(HttpCommandExecutor.java:158)
at org.openqa.selenium.remote.service.DriverCommandExecutor.execute(DriverCommandExecutor.java:83)
at org.openqa.selenium.remote.RemoteWebDriver.execute(RemoteWebDriver.java:548)
at org.openqa.selenium.remote.RemoteWebDriver.findElement(RemoteWebDriver.java:322)
at org.openqa.selenium.remote.RemoteWebDriver.findElementByXPath(RemoteWebDriver.java:424)
at org.openqa.selenium.By$ByXPath.findElement(By.java:353)
at org.openqa.selenium.remote.RemoteWebDriver.findElement(RemoteWebDriver.java:314)
at org.openqa.selenium.support.pagefactory.DefaultElementLocator.findElement(DefaultElementLocator.java:69)
at org.openqa.selenium.support.pagefactory.internal.LocatingElementHandler.invoke(LocatingElementHandler.java:38)
at jdk.proxy2/jdk.proxy2.$Proxy18.isDisplayed(Unknown Source)
at com.Cosmoslots.testCases.PlayerProfileTest.Zd_TC_PlayerProfileTest_ActionViewTabsPlayerLedgerXLSX(PlayerProfileTest.java:1464)
at java.base/jdk.internal.reflect.NativeMethodAccessorImpl.invoke0(Native Method)
at java.base/jdk.internal.reflect.NativeMethodAccessorImpl.invoke(NativeMethodAccessorImpl.java:77)
at java.base/jdk.internal.reflect.DelegatingMethodAccessorImpl.invoke(DelegatingMethodAccessorImpl.java:43)
at java.base/java.lang.reflect.Method.invoke(Method.java:568)
at org.testng.internal.invokers.MethodInvocationHelper.invokeMethod(MethodInvocationHelper.java:139)
at org.testng.internal.invokers.TestInvoker.invokeMethod(TestInvoker.java:677)
at org.testng.internal.invokers.TestInvoker.invokeTestMethod(TestInvoker.java:221)
at org.testng.internal.invokers.MethodRunner.runInSequence(MethodRunner.java:50)
at org.testng.internal.invokers.TestInvoker$MethodInvocationAgent.invoke(TestInvoker.java:969)
at org.testng.internal.invokers.TestInvoker.invokeTestMethods(TestInvoker.java:194)
at org.testng.internal.invokers.TestMethodWorker.invokeTestMethods(TestMethodWorker.java:148)
at org.testng.internal.invokers.TestMethodWorker.run(TestMethodWorker.java:128)
at java.base/java.util.ArrayList.forEach(ArrayList.java:1511)
at org.testng.TestRunner.privateRun(TestRunner.java:829)
at org.testng.TestRunner.run(TestRunner.java:602)
at org.testng.SuiteRunner.runTest(SuiteRunner.java:437)
at org.testng.SuiteRunner.runSequentially(SuiteRunner.java:431)
at org.testng.SuiteRunner.privateRun(SuiteRunner.java:391)
at org.testng.SuiteRunner.run(SuiteRunner.java:330)
at org.testng.SuiteRunnerWorker.runSuite(SuiteRunnerWorker.java:52)
at org.testng.SuiteRunnerWorker.run(SuiteRunnerWorker.java:95)
at org.testng.TestNG.runSuitesSequentially(TestNG.java:1256)
at org.testng.TestNG.runSuitesLocally(TestNG.java:1176)
at org.testng.TestNG.runSuites(TestNG.java:1099)
at org.testng.TestNG.run(TestNG.java:1067)
at org.testng.remote.AbstractRemoteTestNG.run(AbstractRemoteTestNG.java:115)
at org.testng.remote.RemoteTestNG.initAndRun(RemoteTestNG.java:251)
at org.testng.remote.RemoteTestNG.main(RemoteTestNG.java:77)
]]>
    </error>
  </testcase> <!-- Zd_TC_PlayerProfileTest_ActionViewTabsPlayerLedgerXLSX -->
  <system-out/>
  <testcase classname="com.Cosmoslots.testCases.PlayerProfileTest" name="Zsb_TC_PlayerProfileTest_ManageWalletAddCashAppVerifyInWalletDeposit" time="14.594"/>
  <system-out/>
  <testcase classname="com.Cosmoslots.testCases.PlayerProfileTest" name="Zlb_TC_PlayerProfileTest_ActionViewTabsGameTransations_FishSearch" time="6.943"/>
  <system-out/>
  <testcase classname="com.Cosmoslots.testCases.PlayerProfileTest" name="Zsd_TC_PlayerProfileTest_ManageWalletAddManual" time="13.584"/>
  <system-out/>
  <testcase classname="com.Cosmoslots.testCases.PlayerProfileTest" name="Zk_TC_PlayerProfileTest_ActionViewTabsSupportRequestAction" time="3.723"/>
  <system-out/>
  <testcase classname="com.Cosmoslots.testCases.PlayerProfileTest" name="Qa_TC_PlayerProfileTest_PlayerPurchaseHistoryDownloadReciept" time="10.495"/>
  <system-out/>
  <testcase classname="com.Cosmoslots.testCases.PlayerProfileTest" name="R_TC_PlayerProfileTest_ActionViewTabsPurchaseHistoryXLSX" time="3.930">
    <error message="element click intercepted: Element &lt;i _ngcontent-mvf-c93=&quot;&quot; class=&quot;ri-download-cloud-2-line&quot;&gt;&lt;/i&gt; is not clickable at point (1620, 26). Other element would receive the click: &lt;snack-bar-container class=&quot;mat-snack-bar-container ng-tns-c63-95 ng-trigger ng-trigger-state snack-bar-success mat-snack-bar-top ng-star-inserted&quot; style=&quot;transform: scale(1); opacity: 1;&quot;&gt;...&lt;/snack-bar-container&gt;
  (Session info: chrome=116.0.5845.141)
Build info: version: &#039;3.141.59&#039;, revision: &#039;e82be7d358&#039;, time: &#039;2018-11-14T08:17:03&#039;
System info: host: &#039;BAC033&#039;, ip: &#039;172.30.200.30&#039;, os.name: &#039;Windows 11&#039;, os.arch: &#039;amd64&#039;, os.version: &#039;10.0&#039;, java.version: &#039;17.0.2&#039;
Driver info: org.openqa.selenium.chrome.ChromeDriver
Capabilities {acceptInsecureCerts: false, browserName: chrome, browserVersion: 116.0.5845.141, chrome: {chromedriverVersion: 116.0.5845.96 (1a3918166880..., userDataDir: C:\Users\SHRIKR~1.SON\AppDa...}, fedcm:accounts: true, goog:chromeOptions: {debuggerAddress: localhost:61619}, javascriptEnabled: true, networkConnectionEnabled: false, pageLoadStrategy: normal, platform: WINDOWS, platformName: WINDOWS, proxy: Proxy(), setWindowRect: true, strictFileInteractability: false, timeouts: {implicit: 0, pageLoad: 300000, script: 30000}, unhandledPromptBehavior: dismiss and notify, webauthn:extension:credBlob: true, webauthn:extension:largeBlob: true, webauthn:extension:minPinLength: true, webauthn:extension:prf: true, webauthn:virtualAuthenticators: true}
Session ID: 4995b1599506b2720722c68aa8f3721e" type="org.openqa.selenium.ElementClickInterceptedException">
      <![CDATA[org.openqa.selenium.ElementClickInterceptedException: element click intercepted: Element <i _ngcontent-mvf-c93="" class="ri-download-cloud-2-line"></i> is not clickable at point (1620, 26). Other element would receive the click: <snack-bar-container class="mat-snack-bar-container ng-tns-c63-95 ng-trigger ng-trigger-state snack-bar-success mat-snack-bar-top ng-star-inserted" style="transform: scale(1); opacity: 1;">...</snack-bar-container>
  (Session info: chrome=116.0.5845.141)
Build info: version: '3.141.59', revision: 'e82be7d358', time: '2018-11-14T08:17:03'
System info: host: 'BAC033', ip: '172.30.200.30', os.name: 'Windows 11', os.arch: 'amd64', os.version: '10.0', java.version: '17.0.2'
Driver info: org.openqa.selenium.chrome.ChromeDriver
Capabilities {acceptInsecureCerts: false, browserName: chrome, browserVersion: 116.0.5845.141, chrome: {chromedriverVersion: 116.0.5845.96 (1a3918166880..., userDataDir: C:\Users\SHRIKR~1.SON\AppDa...}, fedcm:accounts: true, goog:chromeOptions: {debuggerAddress: localhost:61619}, javascriptEnabled: true, networkConnectionEnabled: false, pageLoadStrategy: normal, platform: WINDOWS, platformName: WINDOWS, proxy: Proxy(), setWindowRect: true, strictFileInteractability: false, timeouts: {implicit: 0, pageLoad: 300000, script: 30000}, unhandledPromptBehavior: dismiss and notify, webauthn:extension:credBlob: true, webauthn:extension:largeBlob: true, webauthn:extension:minPinLength: true, webauthn:extension:prf: true, webauthn:virtualAuthenticators: true}
Session ID: 4995b1599506b2720722c68aa8f3721e
at java.base/jdk.internal.reflect.NativeConstructorAccessorImpl.newInstance0(Native Method)
at java.base/jdk.internal.reflect.NativeConstructorAccessorImpl.newInstance(NativeConstructorAccessorImpl.java:77)
at java.base/jdk.internal.reflect.DelegatingConstructorAccessorImpl.newInstance(DelegatingConstructorAccessorImpl.java:45)
at java.base/java.lang.reflect.Constructor.newInstanceWithCaller(Constructor.java:499)
at java.base/java.lang.reflect.Constructor.newInstance(Constructor.java:480)
at org.openqa.selenium.remote.http.W3CHttpResponseCodec.createException(W3CHttpResponseCodec.java:187)
at org.openqa.selenium.remote.http.W3CHttpResponseCodec.decode(W3CHttpResponseCodec.java:122)
at org.openqa.selenium.remote.http.W3CHttpResponseCodec.decode(W3CHttpResponseCodec.java:49)
at org.openqa.selenium.remote.HttpCommandExecutor.execute(HttpCommandExecutor.java:158)
at org.openqa.selenium.remote.service.DriverCommandExecutor.execute(DriverCommandExecutor.java:83)
at org.openqa.selenium.remote.RemoteWebDriver.execute(RemoteWebDriver.java:548)
at org.openqa.selenium.remote.RemoteWebElement.execute(RemoteWebElement.java:276)
at org.openqa.selenium.remote.RemoteWebElement.click(RemoteWebElement.java:83)
at com.Cosmoslots.testCases.PlayerProfileTest.R_TC_PlayerProfileTest_ActionViewTabsPurchaseHistoryXLSX(PlayerProfileTest.java:1040)
at java.base/jdk.internal.reflect.NativeMethodAccessorImpl.invoke0(Native Method)
at java.base/jdk.internal.reflect.NativeMethodAccessorImpl.invoke(NativeMethodAccessorImpl.java:77)
at java.base/jdk.internal.reflect.DelegatingMethodAccessorImpl.invoke(DelegatingMethodAccessorImpl.java:43)
at java.base/java.lang.reflect.Method.invoke(Method.java:568)
at org.testng.internal.invokers.MethodInvocationHelper.invokeMethod(MethodInvocationHelper.java:139)
at org.testng.internal.invokers.TestInvoker.invokeMethod(TestInvoker.java:677)
at org.testng.internal.invokers.TestInvoker.invokeTestMethod(TestInvoker.java:221)
at org.testng.internal.invokers.MethodRunner.runInSequence(MethodRunner.java:50)
at org.testng.internal.invokers.TestInvoker$MethodInvocationAgent.invoke(TestInvoker.java:969)
at org.testng.internal.invokers.TestInvoker.invokeTestMethods(TestInvoker.java:194)
at org.testng.internal.invokers.TestMethodWorker.invokeTestMethods(TestMethodWorker.java:148)
at org.testng.internal.invokers.TestMethodWorker.run(TestMethodWorker.java:128)
at java.base/java.util.ArrayList.forEach(ArrayList.java:1511)
at org.testng.TestRunner.privateRun(TestRunner.java:829)
at org.testng.TestRunner.run(TestRunner.java:602)
at org.testng.SuiteRunner.runTest(SuiteRunner.java:437)
at org.testng.SuiteRunner.runSequentially(SuiteRunner.java:431)
at org.testng.SuiteRunner.privateRun(SuiteRunner.java:391)
at org.testng.SuiteRunner.run(SuiteRunner.java:330)
at org.testng.SuiteRunnerWorker.runSuite(SuiteRunnerWorker.java:52)
at org.testng.SuiteRunnerWorker.run(SuiteRunnerWorker.java:95)
at org.testng.TestNG.runSuitesSequentially(TestNG.java:1256)
at org.testng.TestNG.runSuitesLocally(TestNG.java:1176)
at org.testng.TestNG.runSuites(TestNG.java:1099)
at org.testng.TestNG.run(TestNG.java:1067)
at org.testng.remote.AbstractRemoteTestNG.run(AbstractRemoteTestNG.java:115)
at org.testng.remote.RemoteTestNG.initAndRun(RemoteTestNG.java:251)
at org.testng.remote.RemoteTestNG.main(RemoteTestNG.java:77)
]]>
    </error>
  </testcase> <!-- R_TC_PlayerProfileTest_ActionViewTabsPurchaseHistoryXLSX -->
  <system-out/>
  <testcase classname="com.Cosmoslots.testCases.PlayerProfileTest" name="Zo_TC_PlayerProfileTest_CheckEmailVerificationSymbol" time="26.115"/>
  <system-out/>
  <testcase classname="com.Cosmoslots.testCases.PlayerProfileTest" name="T_TC_PlayerProfileTest_ActionViewTabsWithdrawRequestSearch" time="3.841"/>
  <system-out/>
  <testcase classname="com.Cosmoslots.testCases.PlayerProfileTest" name="N_TC_PlayerProfileTest_ActionViewTabsProfile" time="2.171"/>
  <system-out/>
  <testcase classname="com.Cosmoslots.testCases.PlayerProfileTest" name="V_TC_PlayerProfileTest_ActionViewTabsWithdrawRequestXLSX" time="9.853"/>
  <system-out/>
  <testcase classname="com.Cosmoslots.testCases.PlayerProfileTest" name="Zp_TC_PlayerProfileTest_Footprints" time="13.420"/>
  <system-out/>
  <testcase classname="com.Cosmoslots.testCases.PlayerProfileTest" name="W_TC_PlayerProfileTest_ActionViewTabsWithdrawRequestAction" time="4.380"/>
  <system-out/>
  <testcase classname="com.Cosmoslots.testCases.PlayerProfileTest" name="Ba_TC_PlayerProfile_GF3026_" time="10.035"/>
  <system-out/>
  <testcase classname="com.Cosmoslots.testCases.PlayerProfileTest" name="Zse_TC_PlayerProfileTest_ManageWalletAddManualVerifyInWalletDeposit" time="14.521"/>
  <system-out/>
  <testcase classname="com.Cosmoslots.testCases.PlayerProfileTest" name="Ze_TC_PlayerProfileTest_ActionViewTabsPlayerLedgerAction" time="4.235"/>
  <system-out/>
  <testcase classname="com.Cosmoslots.testCases.PlayerProfileTest" name="Nc_TC_PlayerProfileTest_ActionViewTabsAddTokensByPackageCashApp" time="18.160"/>
  <system-out/>
  <testcase classname="com.Cosmoslots.testCases.PlayerProfileTest" name="Zm_TC_PlayerProfileTest_ActionViewTabsAppliedCoupons" time="5.430"/>
  <system-out/>
  <testcase classname="com.Cosmoslots.testCases.PlayerProfileTest" name="Oa_TC_PlayerProfileTest_ProfileTokenVerifyWeb" time="4.601"/>
  <system-out/>
  <testcase classname="com.Cosmoslots.testCases.PlayerProfileTest" name="Zj_TC_PlayerProfileTest_ActionViewTabsSupportRequestCreateNew" time="6.377"/>
  <system-out/>
  <testcase classname="com.Cosmoslots.testCases.PlayerProfileTest" name="C_TC_PlayerProfileTest_GF3027_ViewAvtar" time="0.203"/>
  <system-out/>
  <testcase classname="com.Cosmoslots.testCases.PlayerProfileTest" name="Zsc_TC_PlayerProfileTest_ManageWalletAddCashAppVerifyWalletCount" time="0.892"/>
  <system-out/>
  <testcase classname="com.Cosmoslots.testCases.PlayerProfileTest" name="Zsf_TC_PlayerProfileTest_ManageWalletAddCashAppVerifyWalletCount" time="0.926"/>
  <system-out/>
  <testcase classname="com.Cosmoslots.testCases.PlayerProfileTest" name="Nb_TC_PlayerProfileTest_ActionViewTabsAddTokensByPackageOthers" time="18.316"/>
  <system-out/>
  <testcase classname="com.Cosmoslots.testCases.PlayerProfileTest" name="Wa_TC_PlayerProfileTest_ActionViewTabsWithdrawRequestCreateNew" time="4.974"/>
  <system-out/>
</testsuite> <!-- com.Cosmoslots.testCases.PlayerProfileTest -->
