<?xml version="1.0" encoding="UTF-8"?>
<!-- Generated by org.testng.reporters.JUnitReportReporter -->
<testsuite hostname="BAC033" failures="0" tests="4" name="com.Cosmoslots.testCases.Fish.TC_Fish_RestAssured" time="0.000" errors="1" timestamp="14 Jul 2023 12:44:10 GMT" skipped="3">
  <testcase classname="com.Cosmoslots.testCases.Fish.TC_Fish_RestAssured" name="A_POST_PlayerLogin" time="0.000">
    <skipped/>
  </testcase> <!-- A_POST_PlayerLogin -->
  <testcase classname="com.Cosmoslots.testCases.Fish.TC_Fish_RestAssured" name="setup" time="0.000">
    <error message="
Parameter &#039;browser&#039; is required by BeforeSuite on method setup but has not been marked @Optional or defined
in C:\Users\shrikrushna.sonkar\AppData\Local\Temp\testng-eclipse-431331708\testng-customsuite.xml" type="org.testng.TestNGException">
      <![CDATA[org.testng.TestNGException: 
Parameter 'browser' is required by BeforeSuite on method setup but has not been marked @Optional or defined
in C:\Users\shrikrushna.sonkar\AppData\Local\Temp\testng-eclipse-431331708\testng-customsuite.xml
at org.testng.internal.Parameters.createParams(Parameters.java:290)
at org.testng.internal.Parameters.createParametersForMethod(Parameters.java:359)
at org.testng.internal.Parameters.createParameters(Parameters.java:620)
at org.testng.internal.Parameters.createConfigurationParameters(Parameters.java:190)
at org.testng.internal.Invoker.invokeConfigurations(Invoker.java:209)
at org.testng.internal.Invoker.invokeConfigurations(Invoker.java:142)
at org.testng.SuiteRunner.privateRun(SuiteRunner.java:401)
at org.testng.SuiteRunner.run(SuiteRunner.java:364)
at org.testng.SuiteRunnerWorker.runSuite(SuiteRunnerWorker.java:52)
at org.testng.SuiteRunnerWorker.run(SuiteRunnerWorker.java:84)
at org.testng.TestNG.runSuitesSequentially(TestNG.java:1208)
at org.testng.TestNG.runSuitesLocally(TestNG.java:1137)
at org.testng.TestNG.runSuites(TestNG.java:1049)
at org.testng.TestNG.run(TestNG.java:1017)
at org.testng.remote.AbstractRemoteTestNG.run(AbstractRemoteTestNG.java:115)
at org.testng.remote.RemoteTestNG.initAndRun(RemoteTestNG.java:251)
at org.testng.remote.RemoteTestNG.main(RemoteTestNG.java:77)
]]>
    </error>
  </testcase> <!-- setup -->
  <testcase classname="com.Cosmoslots.testCases.Fish.TC_Fish_RestAssured" name="B_POST_FishGameSession" time="0.000">
    <skipped/>
  </testcase> <!-- B_POST_FishGameSession -->
  <testcase classname="com.Cosmoslots.testCases.Fish.TC_Fish_RestAssured" name="C_POST_FishGameFire" time="0.000">
    <skipped/>
  </testcase> <!-- C_POST_FishGameFire -->
</testsuite> <!-- com.Cosmoslots.testCases.Fish.TC_Fish_RestAssured -->
