<?xml version="1.0" encoding="UTF-8"?>
<!-- Generated by org.testng.reporters.JUnitReportReporter -->
<testsuite hostname="BAC033" failures="0" tests="49" name="com.Cosmoslots.testCases.PlayersProfile" time="423.365" errors="2" timestamp="2023-09-18T11:59:29 IST" skipped="0">
  <testcase classname="com.Cosmoslots.testCases.PlayersProfile" name="O_TC_PlayerProfileTest_ActionViewTabsTokenDetails" time="3.706"/>
  <system-out/>
  <testcase classname="com.Cosmoslots.testCases.PlayersProfile" name="Zb_TC_PlayerProfileTest_ActionViewTabsPlayerLedgerSearch" time="3.859"/>
  <system-out/>
  <testcase classname="com.Cosmoslots.testCases.PlayersProfile" name="Zsa_TC_PlayerProfileTest_ManageWalletAddCashApp" time="14.518"/>
  <system-out/>
  <testcase classname="com.Cosmoslots.testCases.PlayersProfile" name="Zk_TC_PlayerProfileTest_ActionViewTabsSupportRequestAction" time="3.766"/>
  <system-out/>
  <testcase classname="com.Cosmoslots.testCases.PlayersProfile" name="Zsb_TC_PlayerProfileTest_ManageWalletAddCashAppVerifyInWalletDeposit" time="14.632"/>
  <system-out/>
  <testcase classname="com.Cosmoslots.testCases.PlayersProfile" name="Zo_TC_PlayerProfileTest_CheckEmailVerificationSymbol" time="26.235"/>
  <system-out/>
  <testcase classname="com.Cosmoslots.testCases.PlayersProfile" name="Zd_TC_PlayerProfileTest_ActionViewTabsPlayerLedgerXLSX" time="11.716">
    <error message="no such element: Unable to locate element: {&quot;method&quot;:&quot;xpath&quot;,&quot;selector&quot;:&quot;//span[text()=&quot;Request initiated. You will get an email once the data is ready. The export is limited to 50000 records. Please contact administrator for more records.&quot;]&quot;}
  (Session info: chrome=116.0.5845.188)
For documentation on this error, please visit: https://www.seleniumhq.org/exceptions/no_such_element.html
Build info: version: &#039;3.141.59&#039;, revision: &#039;e82be7d358&#039;, time: &#039;2018-11-14T08:17:03&#039;
System info: host: &#039;BAC033&#039;, ip: &#039;172.30.200.30&#039;, os.name: &#039;Windows 11&#039;, os.arch: &#039;amd64&#039;, os.version: &#039;10.0&#039;, java.version: &#039;17.0.2&#039;
Driver info: org.openqa.selenium.chrome.ChromeDriver
Capabilities {acceptInsecureCerts: false, browserName: chrome, browserVersion: 116.0.5845.188, chrome: {chromedriverVersion: 116.0.5845.96 (1a3918166880..., userDataDir: C:\Users\SHRIKR~1.SON\AppDa...}, fedcm:accounts: true, goog:chromeOptions: {debuggerAddress: localhost:54513}, javascriptEnabled: true, networkConnectionEnabled: false, pageLoadStrategy: normal, platform: WINDOWS, platformName: WINDOWS, proxy: Proxy(), setWindowRect: true, strictFileInteractability: false, timeouts: {implicit: 0, pageLoad: 300000, script: 30000}, unhandledPromptBehavior: dismiss and notify, webauthn:extension:credBlob: true, webauthn:extension:largeBlob: true, webauthn:extension:minPinLength: true, webauthn:extension:prf: true, webauthn:virtualAuthenticators: true}
Session ID: ab080216d42aeb7e5efd5e1122ce1433
*** Element info: {Using=xpath, value=//span[text()=&quot;Request initiated. You will get an email once the data is ready. The export is limited to 50000 records. Please contact administrator for more records.&quot;]}" type="org.openqa.selenium.NoSuchElementException">
      <![CDATA[org.openqa.selenium.NoSuchElementException: no such element: Unable to locate element: {"method":"xpath","selector":"//span[text()="Request initiated. You will get an email once the data is ready. The export is limited to 50000 records. Please contact administrator for more records."]"}
  (Session info: chrome=116.0.5845.188)
For documentation on this error, please visit: https://www.seleniumhq.org/exceptions/no_such_element.html
Build info: version: '3.141.59', revision: 'e82be7d358', time: '2018-11-14T08:17:03'
System info: host: 'BAC033', ip: '172.30.200.30', os.name: 'Windows 11', os.arch: 'amd64', os.version: '10.0', java.version: '17.0.2'
Driver info: org.openqa.selenium.chrome.ChromeDriver
Capabilities {acceptInsecureCerts: false, browserName: chrome, browserVersion: 116.0.5845.188, chrome: {chromedriverVersion: 116.0.5845.96 (1a3918166880..., userDataDir: C:\Users\SHRIKR~1.SON\AppDa...}, fedcm:accounts: true, goog:chromeOptions: {debuggerAddress: localhost:54513}, javascriptEnabled: true, networkConnectionEnabled: false, pageLoadStrategy: normal, platform: WINDOWS, platformName: WINDOWS, proxy: Proxy(), setWindowRect: true, strictFileInteractability: false, timeouts: {implicit: 0, pageLoad: 300000, script: 30000}, unhandledPromptBehavior: dismiss and notify, webauthn:extension:credBlob: true, webauthn:extension:largeBlob: true, webauthn:extension:minPinLength: true, webauthn:extension:prf: true, webauthn:virtualAuthenticators: true}
Session ID: ab080216d42aeb7e5efd5e1122ce1433
*** Element info: {Using=xpath, value=//span[text()="Request initiated. You will get an email once the data is ready. The export is limited to 50000 records. Please contact administrator for more records."]}
at java.base/jdk.internal.reflect.NativeConstructorAccessorImpl.newInstance0(Native Method)
at java.base/jdk.internal.reflect.NativeConstructorAccessorImpl.newInstance(NativeConstructorAccessorImpl.java:77)
at java.base/jdk.internal.reflect.DelegatingConstructorAccessorImpl.newInstance(DelegatingConstructorAccessorImpl.java:45)
at java.base/java.lang.reflect.Constructor.newInstanceWithCaller(Constructor.java:499)
at java.base/java.lang.reflect.Constructor.newInstance(Constructor.java:480)
at org.openqa.selenium.remote.http.W3CHttpResponseCodec.createException(W3CHttpResponseCodec.java:187)
at org.openqa.selenium.remote.http.W3CHttpResponseCodec.decode(W3CHttpResponseCodec.java:122)
at org.openqa.selenium.remote.http.W3CHttpResponseCodec.decode(W3CHttpResponseCodec.java:49)
at org.openqa.selenium.remote.HttpCommandExecutor.execute(HttpCommandExecutor.java:158)
at org.openqa.selenium.remote.service.DriverCommandExecutor.execute(DriverCommandExecutor.java:83)
at org.openqa.selenium.remote.RemoteWebDriver.execute(RemoteWebDriver.java:548)
at org.openqa.selenium.remote.RemoteWebDriver.findElement(RemoteWebDriver.java:322)
at org.openqa.selenium.remote.RemoteWebDriver.findElementByXPath(RemoteWebDriver.java:424)
at org.openqa.selenium.By$ByXPath.findElement(By.java:353)
at org.openqa.selenium.remote.RemoteWebDriver.findElement(RemoteWebDriver.java:314)
at org.openqa.selenium.support.pagefactory.DefaultElementLocator.findElement(DefaultElementLocator.java:69)
at org.openqa.selenium.support.pagefactory.internal.LocatingElementHandler.invoke(LocatingElementHandler.java:38)
at jdk.proxy2/jdk.proxy2.$Proxy18.isDisplayed(Unknown Source)
at com.Cosmoslots.testCases.PlayersProfile.Zd_TC_PlayerProfileTest_ActionViewTabsPlayerLedgerXLSX(PlayersProfile.java:1148)
at java.base/jdk.internal.reflect.NativeMethodAccessorImpl.invoke0(Native Method)
at java.base/jdk.internal.reflect.NativeMethodAccessorImpl.invoke(NativeMethodAccessorImpl.java:77)
at java.base/jdk.internal.reflect.DelegatingMethodAccessorImpl.invoke(DelegatingMethodAccessorImpl.java:43)
at java.base/java.lang.reflect.Method.invoke(Method.java:568)
at org.testng.internal.invokers.MethodInvocationHelper.invokeMethod(MethodInvocationHelper.java:139)
at org.testng.internal.invokers.TestInvoker.invokeMethod(TestInvoker.java:677)
at org.testng.internal.invokers.TestInvoker.invokeTestMethod(TestInvoker.java:221)
at org.testng.internal.invokers.MethodRunner.runInSequence(MethodRunner.java:50)
at org.testng.internal.invokers.TestInvoker$MethodInvocationAgent.invoke(TestInvoker.java:969)
at org.testng.internal.invokers.TestInvoker.invokeTestMethods(TestInvoker.java:194)
at org.testng.internal.invokers.TestMethodWorker.invokeTestMethods(TestMethodWorker.java:148)
at org.testng.internal.invokers.TestMethodWorker.run(TestMethodWorker.java:128)
at java.base/java.util.ArrayList.forEach(ArrayList.java:1511)
at org.testng.TestRunner.privateRun(TestRunner.java:829)
at org.testng.TestRunner.run(TestRunner.java:602)
at org.testng.SuiteRunner.runTest(SuiteRunner.java:437)
at org.testng.SuiteRunner.runSequentially(SuiteRunner.java:431)
at org.testng.SuiteRunner.privateRun(SuiteRunner.java:391)
at org.testng.SuiteRunner.run(SuiteRunner.java:330)
at org.testng.SuiteRunnerWorker.runSuite(SuiteRunnerWorker.java:52)
at org.testng.SuiteRunnerWorker.run(SuiteRunnerWorker.java:95)
at org.testng.TestNG.runSuitesSequentially(TestNG.java:1256)
at org.testng.TestNG.runSuitesLocally(TestNG.java:1176)
at org.testng.TestNG.runSuites(TestNG.java:1099)
at org.testng.TestNG.run(TestNG.java:1067)
at org.testng.remote.AbstractRemoteTestNG.run(AbstractRemoteTestNG.java:115)
at org.testng.remote.RemoteTestNG.initAndRun(RemoteTestNG.java:251)
at org.testng.remote.RemoteTestNG.main(RemoteTestNG.java:77)
]]>
    </error>
  </testcase> <!-- Zd_TC_PlayerProfileTest_ActionViewTabsPlayerLedgerXLSX -->
  <system-out/>
  <testcase classname="com.Cosmoslots.testCases.PlayersProfile" name="Zla_TC_PlayerProfileTest_ActionViewTabsGameTransations_KenoSearch" time="7.241"/>
  <system-out/>
  <testcase classname="com.Cosmoslots.testCases.PlayersProfile" name="A_TC_PlayerProfile_GF3026_Redirect" time="1.116"/>
  <system-out/>
  <testcase classname="com.Cosmoslots.testCases.PlayersProfile" name="Zf_TC_PlayerProfileTest_ActionViewTabsPlayerLedgerCheckTokens" time="0.012"/>
  <system-out/>
  <testcase classname="com.Cosmoslots.testCases.PlayersProfile" name="Zlb_TC_PlayerProfileTest_ActionViewTabsGameTransations_FishSearch" time="6.949"/>
  <system-out/>
  <testcase classname="com.Cosmoslots.testCases.PlayersProfile" name="Ze_TC_PlayerProfileTest_ActionViewTabsPlayerLedgerAction" time="4.224"/>
  <system-out/>
  <testcase classname="com.Cosmoslots.testCases.PlayersProfile" name="Qa_TC_PlayerProfileTest_PlayerPurchaseHistoryDownloadReciept" time="10.293"/>
  <system-out/>
  <testcase classname="com.Cosmoslots.testCases.PlayersProfile" name="R_TC_PlayerProfileTest_ActionViewTabsPurchaseHistoryXLSX" time="5.902">
    <error message="element click intercepted: Element &lt;i _ngcontent-qag-c92=&quot;&quot; class=&quot;ri-download-cloud-2-line&quot;&gt;&lt;/i&gt; is not clickable at point (1620, 26). Other element would receive the click: &lt;snack-bar-container class=&quot;mat-snack-bar-container ng-tns-c62-98 ng-trigger ng-trigger-state snack-bar-success mat-snack-bar-top ng-star-inserted&quot; style=&quot;transform: scale(1); opacity: 1;&quot;&gt;...&lt;/snack-bar-container&gt;
  (Session info: chrome=116.0.5845.188)
Build info: version: &#039;3.141.59&#039;, revision: &#039;e82be7d358&#039;, time: &#039;2018-11-14T08:17:03&#039;
System info: host: &#039;BAC033&#039;, ip: &#039;172.30.200.30&#039;, os.name: &#039;Windows 11&#039;, os.arch: &#039;amd64&#039;, os.version: &#039;10.0&#039;, java.version: &#039;17.0.2&#039;
Driver info: org.openqa.selenium.chrome.ChromeDriver
Capabilities {acceptInsecureCerts: false, browserName: chrome, browserVersion: 116.0.5845.188, chrome: {chromedriverVersion: 116.0.5845.96 (1a3918166880..., userDataDir: C:\Users\SHRIKR~1.SON\AppDa...}, fedcm:accounts: true, goog:chromeOptions: {debuggerAddress: localhost:54513}, javascriptEnabled: true, networkConnectionEnabled: false, pageLoadStrategy: normal, platform: WINDOWS, platformName: WINDOWS, proxy: Proxy(), setWindowRect: true, strictFileInteractability: false, timeouts: {implicit: 0, pageLoad: 300000, script: 30000}, unhandledPromptBehavior: dismiss and notify, webauthn:extension:credBlob: true, webauthn:extension:largeBlob: true, webauthn:extension:minPinLength: true, webauthn:extension:prf: true, webauthn:virtualAuthenticators: true}
Session ID: ab080216d42aeb7e5efd5e1122ce1433" type="org.openqa.selenium.ElementClickInterceptedException">
      <![CDATA[org.openqa.selenium.ElementClickInterceptedException: element click intercepted: Element <i _ngcontent-qag-c92="" class="ri-download-cloud-2-line"></i> is not clickable at point (1620, 26). Other element would receive the click: <snack-bar-container class="mat-snack-bar-container ng-tns-c62-98 ng-trigger ng-trigger-state snack-bar-success mat-snack-bar-top ng-star-inserted" style="transform: scale(1); opacity: 1;">...</snack-bar-container>
  (Session info: chrome=116.0.5845.188)
Build info: version: '3.141.59', revision: 'e82be7d358', time: '2018-11-14T08:17:03'
System info: host: 'BAC033', ip: '172.30.200.30', os.name: 'Windows 11', os.arch: 'amd64', os.version: '10.0', java.version: '17.0.2'
Driver info: org.openqa.selenium.chrome.ChromeDriver
Capabilities {acceptInsecureCerts: false, browserName: chrome, browserVersion: 116.0.5845.188, chrome: {chromedriverVersion: 116.0.5845.96 (1a3918166880..., userDataDir: C:\Users\SHRIKR~1.SON\AppDa...}, fedcm:accounts: true, goog:chromeOptions: {debuggerAddress: localhost:54513}, javascriptEnabled: true, networkConnectionEnabled: false, pageLoadStrategy: normal, platform: WINDOWS, platformName: WINDOWS, proxy: Proxy(), setWindowRect: true, strictFileInteractability: false, timeouts: {implicit: 0, pageLoad: 300000, script: 30000}, unhandledPromptBehavior: dismiss and notify, webauthn:extension:credBlob: true, webauthn:extension:largeBlob: true, webauthn:extension:minPinLength: true, webauthn:extension:prf: true, webauthn:virtualAuthenticators: true}
Session ID: ab080216d42aeb7e5efd5e1122ce1433
at java.base/jdk.internal.reflect.NativeConstructorAccessorImpl.newInstance0(Native Method)
at java.base/jdk.internal.reflect.NativeConstructorAccessorImpl.newInstance(NativeConstructorAccessorImpl.java:77)
at java.base/jdk.internal.reflect.DelegatingConstructorAccessorImpl.newInstance(DelegatingConstructorAccessorImpl.java:45)
at java.base/java.lang.reflect.Constructor.newInstanceWithCaller(Constructor.java:499)
at java.base/java.lang.reflect.Constructor.newInstance(Constructor.java:480)
at org.openqa.selenium.remote.http.W3CHttpResponseCodec.createException(W3CHttpResponseCodec.java:187)
at org.openqa.selenium.remote.http.W3CHttpResponseCodec.decode(W3CHttpResponseCodec.java:122)
at org.openqa.selenium.remote.http.W3CHttpResponseCodec.decode(W3CHttpResponseCodec.java:49)
at org.openqa.selenium.remote.HttpCommandExecutor.execute(HttpCommandExecutor.java:158)
at org.openqa.selenium.remote.service.DriverCommandExecutor.execute(DriverCommandExecutor.java:83)
at org.openqa.selenium.remote.RemoteWebDriver.execute(RemoteWebDriver.java:548)
at org.openqa.selenium.remote.RemoteWebElement.execute(RemoteWebElement.java:276)
at org.openqa.selenium.remote.RemoteWebElement.click(RemoteWebElement.java:83)
at com.Cosmoslots.testCases.PlayersProfile.R_TC_PlayerProfileTest_ActionViewTabsPurchaseHistoryXLSX(PlayersProfile.java:727)
at java.base/jdk.internal.reflect.NativeMethodAccessorImpl.invoke0(Native Method)
at java.base/jdk.internal.reflect.NativeMethodAccessorImpl.invoke(NativeMethodAccessorImpl.java:77)
at java.base/jdk.internal.reflect.DelegatingMethodAccessorImpl.invoke(DelegatingMethodAccessorImpl.java:43)
at java.base/java.lang.reflect.Method.invoke(Method.java:568)
at org.testng.internal.invokers.MethodInvocationHelper.invokeMethod(MethodInvocationHelper.java:139)
at org.testng.internal.invokers.TestInvoker.invokeMethod(TestInvoker.java:677)
at org.testng.internal.invokers.TestInvoker.invokeTestMethod(TestInvoker.java:221)
at org.testng.internal.invokers.MethodRunner.runInSequence(MethodRunner.java:50)
at org.testng.internal.invokers.TestInvoker$MethodInvocationAgent.invoke(TestInvoker.java:969)
at org.testng.internal.invokers.TestInvoker.invokeTestMethods(TestInvoker.java:194)
at org.testng.internal.invokers.TestMethodWorker.invokeTestMethods(TestMethodWorker.java:148)
at org.testng.internal.invokers.TestMethodWorker.run(TestMethodWorker.java:128)
at java.base/java.util.ArrayList.forEach(ArrayList.java:1511)
at org.testng.TestRunner.privateRun(TestRunner.java:829)
at org.testng.TestRunner.run(TestRunner.java:602)
at org.testng.SuiteRunner.runTest(SuiteRunner.java:437)
at org.testng.SuiteRunner.runSequentially(SuiteRunner.java:431)
at org.testng.SuiteRunner.privateRun(SuiteRunner.java:391)
at org.testng.SuiteRunner.run(SuiteRunner.java:330)
at org.testng.SuiteRunnerWorker.runSuite(SuiteRunnerWorker.java:52)
at org.testng.SuiteRunnerWorker.run(SuiteRunnerWorker.java:95)
at org.testng.TestNG.runSuitesSequentially(TestNG.java:1256)
at org.testng.TestNG.runSuitesLocally(TestNG.java:1176)
at org.testng.TestNG.runSuites(TestNG.java:1099)
at org.testng.TestNG.run(TestNG.java:1067)
at org.testng.remote.AbstractRemoteTestNG.run(AbstractRemoteTestNG.java:115)
at org.testng.remote.RemoteTestNG.initAndRun(RemoteTestNG.java:251)
at org.testng.remote.RemoteTestNG.main(RemoteTestNG.java:77)
]]>
    </error>
  </testcase> <!-- R_TC_PlayerProfileTest_ActionViewTabsPurchaseHistoryXLSX -->
  <system-out/>
  <testcase classname="com.Cosmoslots.testCases.PlayersProfile" name="C_TC_PlayerProfileTest_GF3027_ViewAvtar" time="0.190"/>
  <system-out/>
  <testcase classname="com.Cosmoslots.testCases.PlayersProfile" name="Zsh_TC_PlayerProfileTest_ManageWalletWithdrawManualVerifyInWalletDeposit" time="25.506"/>
  <system-out/>
  <testcase classname="com.Cosmoslots.testCases.PlayersProfile" name="N_TC_PlayerProfileTest_ActionViewTabsProfile" time="3.418"/>
  <system-out/>
  <testcase classname="com.Cosmoslots.testCases.PlayersProfile" name="Za_TC_PlayerProfileTest_ActionViewTabsTrancsationHistoryAction" time="4.194"/>
  <system-out/>
  <testcase classname="com.Cosmoslots.testCases.PlayersProfile" name="Zsd_TC_PlayerProfileTest_ManageWalletAddManual" time="14.124"/>
  <system-out/>
  <testcase classname="com.Cosmoslots.testCases.PlayersProfile" name="M_TC_PlayerProfileTest_Searchplayer" time="3.925"/>
  <system-out/>
  <testcase classname="com.Cosmoslots.testCases.PlayersProfile" name="W_TC_PlayerProfileTest_ActionViewTabsWithdrawRequestAction" time="4.360"/>
  <system-out/>
  <testcase classname="com.Cosmoslots.testCases.PlayersProfile" name="Zsj_TC_PlayerProfileTest_ManageWalletWithdrawManual" time="14.894"/>
  <system-out/>
  <testcase classname="com.Cosmoslots.testCases.PlayersProfile" name="V_TC_PlayerProfileTest_ActionViewTabsWithdrawRequestXLSX" time="9.890"/>
  <system-out/>
  <testcase classname="com.Cosmoslots.testCases.PlayersProfile" name="P_TC_PlayerProfileTest_ActionViewTabsPurchaseHistorySearch" time="6.717"/>
  <system-out/>
  <testcase classname="com.Cosmoslots.testCases.PlayersProfile" name="Zsg_TC_PlayerProfileTest_ManageWalletWithdrawCashApp" time="17.536"/>
  <system-out/>
  <testcase classname="com.Cosmoslots.testCases.PlayersProfile" name="K_TC_PlayerProfileTest_GF3035ViewInfo" time="0.029"/>
  <system-out/>
  <testcase classname="com.Cosmoslots.testCases.PlayersProfile" name="Zp_TC_PlayerProfileTest_Footprints" time="5.516"/>
  <system-out/>
  <testcase classname="com.Cosmoslots.testCases.PlayersProfile" name="Ba_TC_PlayerProfile_GF3026_" time="10.016"/>
  <system-out/>
  <testcase classname="com.Cosmoslots.testCases.PlayersProfile" name="T_TC_PlayerProfileTest_ActionViewTabsWithdrawRequestSearch" time="4.016"/>
  <system-out/>
  <testcase classname="com.Cosmoslots.testCases.PlayersProfile" name="Zsc_TC_PlayerProfileTest_ManageWalletAddCashAppVerifyWalletCount" time="0.954"/>
  <system-out/>
  <testcase classname="com.Cosmoslots.testCases.PlayersProfile" name="Bb_TC_PlayerProfile_GF3026_PlayerEditWeb" time="6.078"/>
  <system-out/>
  <testcase classname="com.Cosmoslots.testCases.PlayersProfile" name="Z_TC_PlayerProfileTest_ActionViewTabsTrancsationHistoryXLSX" time="10.398"/>
  <system-out/>
  <testcase classname="com.Cosmoslots.testCases.PlayersProfile" name="Oa_TC_PlayerProfileTest_ProfileTokenVerifyWeb" time="4.712"/>
  <system-out/>
  <testcase classname="com.Cosmoslots.testCases.PlayersProfile" name="Zg_TC_PlayerProfileTest_ActionViewTabsSupportRequestSearch" time="3.797"/>
  <system-out/>
  <testcase classname="com.Cosmoslots.testCases.PlayersProfile" name="Zl_TC_PlayerProfileTest_ActionViewTabsGameTransations_SlotSearch" time="30.774"/>
  <system-out/>
  <testcase classname="com.Cosmoslots.testCases.PlayersProfile" name="Ne_TC_PlayerProfileTest_ActionViewTabsManageTokensWithdrawTokens" time="6.900"/>
  <system-out/>
  <testcase classname="com.Cosmoslots.testCases.PlayersProfile" name="Wa_TC_PlayerProfileTest_ActionViewTabsWithdrawRequestCreateNew" time="5.070"/>
  <system-out/>
  <testcase classname="com.Cosmoslots.testCases.PlayersProfile" name="Zsf_TC_PlayerProfileTest_ManageWalletAddCashAppVerifyWalletCount" time="0.959"/>
  <system-out/>
  <testcase classname="com.Cosmoslots.testCases.PlayersProfile" name="Zj_TC_PlayerProfileTest_ActionViewTabsSupportRequestCreateNew" time="6.379"/>
  <system-out/>
  <testcase classname="com.Cosmoslots.testCases.PlayersProfile" name="X_TC_PlayerProfileTest_ActionViewTabsTrancsationHistorySearch" time="2.842"/>
  <system-out/>
  <testcase classname="com.Cosmoslots.testCases.PlayersProfile" name="Zsk_TC_PlayerProfileTest_ManageWalletWithdrawCashAppVerifyInWalletDeposit" time="14.630"/>
  <system-out/>
  <testcase classname="com.Cosmoslots.testCases.PlayersProfile" name="D_TC_PlayerProfileTest_GF3028_ViewDetails" time="3.730"/>
  <system-out/>
  <testcase classname="com.Cosmoslots.testCases.PlayersProfile" name="Nc_TC_PlayerProfileTest_ActionViewTabsAddTokensByPackageCashApp" time="19.722"/>
  <system-out/>
  <testcase classname="com.Cosmoslots.testCases.PlayersProfile" name="S_TC_PlayerProfileTest_ActionViewTabsPurchaseHistoryAction" time="4.779"/>
  <system-out/>
  <testcase classname="com.Cosmoslots.testCases.PlayersProfile" name="Nd_TC_PlayerProfileTest_ActionViewTabsAddTokensByPackageManual" time="19.399"/>
  <system-out/>
  <testcase classname="com.Cosmoslots.testCases.PlayersProfile" name="Nb_TC_PlayerProfileTest_ActionViewTabsAddTokensByPackageOthers" time="19.910"/>
  <system-out/>
  <testcase classname="com.Cosmoslots.testCases.PlayersProfile" name="Zm_TC_PlayerProfileTest_ActionViewTabsAppliedCoupons" time="5.413"/>
  <system-out/>
  <testcase classname="com.Cosmoslots.testCases.PlayersProfile" name="Zn_TC_PlayerProfileTest_CheckVerificationSymbol" time="3.845"/>
  <system-out/>
  <testcase classname="com.Cosmoslots.testCases.PlayersProfile" name="Zse_TC_PlayerProfileTest_ManageWalletAddManualVerifyInWalletDeposit" time="14.574"/>
  <system-out/>
</testsuite> <!-- com.Cosmoslots.testCases.PlayersProfile -->
