<?xml version="1.0" encoding="UTF-8"?>
<!-- Generated by org.testng.reporters.JUnitReportReporter -->
<testsuite hostname="BAC031" failures="0" tests="35" name="com.Cosmoslots.testCases.MasterSetting" time="204.305" errors="1" timestamp="06 Oct 2022 11:51:07 GMT" skipped="0">
  <testcase classname="com.Cosmoslots.testCases.MasterSetting" name="Hd_TC_LobbyTest_GF001_Setting_Promotion_View" time="4.488"/>
  <testcase classname="com.Cosmoslots.testCases.MasterSetting" name="Lb_TC_LobbyTest_GF001_MetaData_edit" time="6.614"/>
  <testcase classname="com.Cosmoslots.testCases.MasterSetting" name="La_TC_LobbyTest_GF001_MetaData_Search" time="3.312"/>
  <testcase classname="com.Cosmoslots.testCases.MasterSetting" name="Kb_TC_LobbyTest_GF001_FAQ_View" time="4.132"/>
  <testcase classname="com.Cosmoslots.testCases.MasterSetting" name="Hc_TC_LobbyTest_GF001_Setting_Promotion_Status" time="2.315"/>
  <testcase classname="com.Cosmoslots.testCases.MasterSetting" name="Mb_TC_LobbyTest_GF001_ReleaseNotes_edit" time="14.783">
    <error message="no such element: Unable to locate element: {&quot;method&quot;:&quot;xpath&quot;,&quot;selector&quot;:&quot;//span[text()=&quot;Meta Data updated successfully&quot;]&quot;}
  (Session info: chrome=106.0.5249.103)
For documentation on this error, please visit: https://www.seleniumhq.org/exceptions/no_such_element.html
Build info: version: &#039;3.141.59&#039;, revision: &#039;e82be7d358&#039;, time: &#039;2018-11-14T08:17:03&#039;
System info: host: &#039;BAC031&#039;, ip: &#039;172.30.200.65&#039;, os.name: &#039;Windows 11&#039;, os.arch: &#039;amd64&#039;, os.version: &#039;10.0&#039;, java.version: &#039;17.0.2&#039;
Driver info: org.openqa.selenium.chrome.ChromeDriver
Capabilities {acceptInsecureCerts: false, browserName: chrome, browserVersion: 106.0.5249.103, chrome: {chromedriverVersion: 105.0.5195.52 (412c95e51883..., userDataDir: C:\Users\PARAS~1.RAN\AppDat...}, goog:chromeOptions: {debuggerAddress: localhost:50119}, javascriptEnabled: true, networkConnectionEnabled: false, pageLoadStrategy: normal, platform: WINDOWS, platformName: WINDOWS, proxy: Proxy(), setWindowRect: true, strictFileInteractability: false, timeouts: {implicit: 0, pageLoad: 300000, script: 30000}, unhandledPromptBehavior: dismiss and notify, webauthn:extension:credBlob: true, webauthn:extension:largeBlob: true, webauthn:virtualAuthenticators: true}
Session ID: a18014cf83b0df0708076d541f8c759d
*** Element info: {Using=xpath, value=//span[text()=&quot;Meta Data updated successfully&quot;]}" type="org.openqa.selenium.NoSuchElementException">
      <![CDATA[org.openqa.selenium.NoSuchElementException: no such element: Unable to locate element: {"method":"xpath","selector":"//span[text()="Meta Data updated successfully"]"}
  (Session info: chrome=106.0.5249.103)
For documentation on this error, please visit: https://www.seleniumhq.org/exceptions/no_such_element.html
Build info: version: '3.141.59', revision: 'e82be7d358', time: '2018-11-14T08:17:03'
System info: host: 'BAC031', ip: '172.30.200.65', os.name: 'Windows 11', os.arch: 'amd64', os.version: '10.0', java.version: '17.0.2'
Driver info: org.openqa.selenium.chrome.ChromeDriver
Capabilities {acceptInsecureCerts: false, browserName: chrome, browserVersion: 106.0.5249.103, chrome: {chromedriverVersion: 105.0.5195.52 (412c95e51883..., userDataDir: C:\Users\PARAS~1.RAN\AppDat...}, goog:chromeOptions: {debuggerAddress: localhost:50119}, javascriptEnabled: true, networkConnectionEnabled: false, pageLoadStrategy: normal, platform: WINDOWS, platformName: WINDOWS, proxy: Proxy(), setWindowRect: true, strictFileInteractability: false, timeouts: {implicit: 0, pageLoad: 300000, script: 30000}, unhandledPromptBehavior: dismiss and notify, webauthn:extension:credBlob: true, webauthn:extension:largeBlob: true, webauthn:virtualAuthenticators: true}
Session ID: a18014cf83b0df0708076d541f8c759d
*** Element info: {Using=xpath, value=//span[text()="Meta Data updated successfully"]}
at java.base/jdk.internal.reflect.NativeConstructorAccessorImpl.newInstance0(Native Method)
at java.base/jdk.internal.reflect.NativeConstructorAccessorImpl.newInstance(NativeConstructorAccessorImpl.java:77)
at java.base/jdk.internal.reflect.DelegatingConstructorAccessorImpl.newInstance(DelegatingConstructorAccessorImpl.java:45)
at java.base/java.lang.reflect.Constructor.newInstanceWithCaller(Constructor.java:499)
at java.base/java.lang.reflect.Constructor.newInstance(Constructor.java:480)
at org.openqa.selenium.remote.http.W3CHttpResponseCodec.createException(W3CHttpResponseCodec.java:187)
at org.openqa.selenium.remote.http.W3CHttpResponseCodec.decode(W3CHttpResponseCodec.java:122)
at org.openqa.selenium.remote.http.W3CHttpResponseCodec.decode(W3CHttpResponseCodec.java:49)
at org.openqa.selenium.remote.HttpCommandExecutor.execute(HttpCommandExecutor.java:158)
at org.openqa.selenium.remote.service.DriverCommandExecutor.execute(DriverCommandExecutor.java:83)
at org.openqa.selenium.remote.RemoteWebDriver.execute(RemoteWebDriver.java:548)
at org.openqa.selenium.remote.RemoteWebDriver.findElement(RemoteWebDriver.java:322)
at org.openqa.selenium.remote.RemoteWebDriver.findElementByXPath(RemoteWebDriver.java:424)
at org.openqa.selenium.By$ByXPath.findElement(By.java:353)
at org.openqa.selenium.remote.RemoteWebDriver.findElement(RemoteWebDriver.java:314)
at org.openqa.selenium.support.pagefactory.DefaultElementLocator.findElement(DefaultElementLocator.java:69)
at org.openqa.selenium.support.pagefactory.internal.LocatingElementHandler.invoke(LocatingElementHandler.java:38)
at jdk.proxy2/jdk.proxy2.$Proxy15.isDisplayed(Unknown Source)
at com.Cosmoslots.testCases.MasterSetting.Mb_TC_LobbyTest_GF001_ReleaseNotes_edit(TC_MasterSetting_GF001.java:1662)
at java.base/jdk.internal.reflect.NativeMethodAccessorImpl.invoke0(Native Method)
at java.base/jdk.internal.reflect.NativeMethodAccessorImpl.invoke(NativeMethodAccessorImpl.java:77)
at java.base/jdk.internal.reflect.DelegatingMethodAccessorImpl.invoke(DelegatingMethodAccessorImpl.java:43)
at java.base/java.lang.reflect.Method.invoke(Method.java:568)
at org.testng.internal.MethodInvocationHelper.invokeMethod(MethodInvocationHelper.java:124)
at org.testng.internal.Invoker.invokeMethod(Invoker.java:583)
at org.testng.internal.Invoker.invokeTestMethod(Invoker.java:719)
at org.testng.internal.Invoker.invokeTestMethods(Invoker.java:989)
at org.testng.internal.TestMethodWorker.invokeTestMethods(TestMethodWorker.java:125)
at org.testng.internal.TestMethodWorker.run(TestMethodWorker.java:109)
at org.testng.TestRunner.privateRun(TestRunner.java:648)
at org.testng.TestRunner.run(TestRunner.java:505)
at org.testng.SuiteRunner.runTest(SuiteRunner.java:455)
at org.testng.SuiteRunner.runSequentially(SuiteRunner.java:450)
at org.testng.SuiteRunner.privateRun(SuiteRunner.java:415)
at org.testng.SuiteRunner.run(SuiteRunner.java:364)
at org.testng.SuiteRunnerWorker.runSuite(SuiteRunnerWorker.java:52)
at org.testng.SuiteRunnerWorker.run(SuiteRunnerWorker.java:84)
at org.testng.TestNG.runSuitesSequentially(TestNG.java:1208)
at org.testng.TestNG.runSuitesLocally(TestNG.java:1137)
at org.testng.TestNG.runSuites(TestNG.java:1049)
at org.testng.TestNG.run(TestNG.java:1017)
at org.testng.remote.AbstractRemoteTestNG.run(AbstractRemoteTestNG.java:115)
at org.testng.remote.RemoteTestNG.initAndRun(RemoteTestNG.java:251)
at org.testng.remote.RemoteTestNG.main(RemoteTestNG.java:77)
]]>
    </error>
  </testcase> <!-- Mb_TC_LobbyTest_GF001_ReleaseNotes_edit -->
  <testcase classname="com.Cosmoslots.testCases.MasterSetting" name="Kc_TC_LobbyTest_GF001_FAQ_Status" time="3.382"/>
  <testcase classname="com.Cosmoslots.testCases.MasterSetting" name="M_TC_LobbyTest_GF001_ReleaseNotes_Create" time="6.972"/>
  <testcase classname="com.Cosmoslots.testCases.MasterSetting" name="G_TC_MasterSetting_GF001_Settings" time="7.445"/>
  <testcase classname="com.Cosmoslots.testCases.MasterSetting" name="K_TC_LobbyTest_GF001_FAQ_Create" time="9.305"/>
  <testcase classname="com.Cosmoslots.testCases.MasterSetting" name="Hb_TC_LobbyTest_GF001_Setting_Promotion_Edit" time="9.316"/>
  <testcase classname="com.Cosmoslots.testCases.MasterSetting" name="Jc_TC_LobbyTest_GF001_News_edit" time="6.106"/>
  <testcase classname="com.Cosmoslots.testCases.MasterSetting" name="A_TC_MasterSetting_GF001_Login" time="7.383"/>
  <testcase classname="com.Cosmoslots.testCases.MasterSetting" name="E_TC_MasterSetting_GF001_Lobby_Info" time="4.539"/>
  <testcase classname="com.Cosmoslots.testCases.MasterSetting" name="Ld_TC_LobbyTest_GF001_MetaData_Delete" time="5.385"/>
  <testcase classname="com.Cosmoslots.testCases.MasterSetting" name="L_TC_LobbyTest_GF001_MetaData_Create" time="7.110"/>
  <testcase classname="com.Cosmoslots.testCases.MasterSetting" name="Lc_TC_LobbyTest_GF001_MetaData_View" time="2.609"/>
  <testcase classname="com.Cosmoslots.testCases.MasterSetting" name="H_TC_LobbyTest_GF001_Setting_Promotion_Create" time="10.494"/>
  <testcase classname="com.Cosmoslots.testCases.MasterSetting" name="Ja_TC_LobbyTest_GF001_News_Search" time="3.283"/>
  <testcase classname="com.Cosmoslots.testCases.MasterSetting" name="J_TC_LobbyTest_GF001_News_Create" time="9.193"/>
  <testcase classname="com.Cosmoslots.testCases.MasterSetting" name="Ha_TC_LobbyTest_GF001_Setting_Promotion_Search" time="3.422"/>
  <testcase classname="com.Cosmoslots.testCases.MasterSetting" name="Ib_TC_LobbyTest_GF001_Homepage_View" time="3.024"/>
  <testcase classname="com.Cosmoslots.testCases.MasterSetting" name="Ic_TC_LobbyTest_GF001_Homepage_Delete" time="6.692"/>
  <testcase classname="com.Cosmoslots.testCases.MasterSetting" name="Kd_TC_LobbyTest_GF001_FAQ_Delete" time="5.512"/>
  <testcase classname="com.Cosmoslots.testCases.MasterSetting" name="B_TC_MasterSetting_GF001_Version_save" time="2.974"/>
  <testcase classname="com.Cosmoslots.testCases.MasterSetting" name="F_TC_MasterSetting_GF001_GeneralPages" time="5.867"/>
  <testcase classname="com.Cosmoslots.testCases.MasterSetting" name="Hf_TC_LobbyTest_GF001_Setting_Promotion_Delete" time="6.640"/>
  <testcase classname="com.Cosmoslots.testCases.MasterSetting" name="Jb_TC_LobbyTest_GF001_News_Status" time="2.309"/>
  <testcase classname="com.Cosmoslots.testCases.MasterSetting" name="Md_TC_LobbyTest_GF001_ReleaseNotes_Delete" time="5.379"/>
  <testcase classname="com.Cosmoslots.testCases.MasterSetting" name="Je_TC_LobbyTest_GF001_News_Delete" time="6.402"/>
  <testcase classname="com.Cosmoslots.testCases.MasterSetting" name="Ka_TC_LobbyTest_GF001_FAQ_Edit" time="5.485"/>
  <testcase classname="com.Cosmoslots.testCases.MasterSetting" name="I_TC_LobbyTest_GF001_HomePage_Create" time="8.209"/>
  <testcase classname="com.Cosmoslots.testCases.MasterSetting" name="Mc_TC_LobbyTest_GF001_ReleaseNotes_View" time="1.015"/>
  <testcase classname="com.Cosmoslots.testCases.MasterSetting" name="Jd_TC_LobbyTest_GF001_News_View" time="5.112"/>
  <testcase classname="com.Cosmoslots.testCases.MasterSetting" name="D_TC_MasterSetting_GF001_Maintenance" time="8.097"/>
</testsuite> <!-- com.Cosmoslots.testCases.MasterSetting -->
