<?xml version="1.0" encoding="UTF-8"?>
<!-- Generated by org.testng.reporters.JUnitReportReporter -->
<testsuite hostname="BAC033" failures="0" tests="14" name="com.Cosmoslots.testCases.UserManagementTest" time="4.347" errors="1" timestamp="2023-08-28T15:35:11 IST" skipped="13">
  <testcase classname="com.Cosmoslots.testCases.UserManagementTest" name="Kc_TC_User_ManagementTest_TokenLedger" time="0.000">
    <skipped/>
  </testcase> <!-- Kc_TC_User_ManagementTest_TokenLedger -->
  <system-out/>
  <testcase classname="com.Cosmoslots.testCases.UserManagementTest" name="setup" time="4.346">
    <error message="session not created: This version of ChromeDriver only supports Chrome version 114
Current browser version is 116.0.5845.111 with binary path C:\Program Files\Google\Chrome\Application\chrome.exe
Build info: version: &#039;3.141.59&#039;, revision: &#039;e82be7d358&#039;, time: &#039;2018-11-14T08:17:03&#039;
System info: host: &#039;BAC033&#039;, ip: &#039;172.30.200.30&#039;, os.name: &#039;Windows 11&#039;, os.arch: &#039;amd64&#039;, os.version: &#039;10.0&#039;, java.version: &#039;17.0.2&#039;
Driver info: driver.version: ChromeDriver
remote stacktrace: Backtrace:
	GetHandleVerifier [0x004EA813+48355]
	(No symbol) [0x0047C4B1]
	(No symbol) [0x00385358]
	(No symbol) [0x003A61AC]
	(No symbol) [0x003A1EF3]
	(No symbol) [0x003A0579]
	(No symbol) [0x003D0C55]
	(No symbol) [0x003D093C]
	(No symbol) [0x003CA536]
	(No symbol) [0x003A82DC]
	(No symbol) [0x003A93DD]
	GetHandleVerifier [0x0074AABD+2539405]
	GetHandleVerifier [0x0078A78F+2800735]
	GetHandleVerifier [0x0078456C+2775612]
	GetHandleVerifier [0x005751E0+616112]
	(No symbol) [0x00485F8C]
	(No symbol) [0x00482328]
	(No symbol) [0x0048240B]
	(No symbol) [0x00474FF7]
	BaseThreadInitThunk [0x75F47D59+25]
	RtlInitializeExceptionChain [0x77A5B79B+107]
	RtlClearBits [0x77A5B71F+191]
" type="org.openqa.selenium.SessionNotCreatedException">
      <![CDATA[org.openqa.selenium.SessionNotCreatedException: session not created: This version of ChromeDriver only supports Chrome version 114
Current browser version is 116.0.5845.111 with binary path C:\Program Files\Google\Chrome\Application\chrome.exe
Build info: version: '3.141.59', revision: 'e82be7d358', time: '2018-11-14T08:17:03'
System info: host: 'BAC033', ip: '172.30.200.30', os.name: 'Windows 11', os.arch: 'amd64', os.version: '10.0', java.version: '17.0.2'
Driver info: driver.version: ChromeDriver
remote stacktrace: Backtrace:
GetHandleVerifier [0x004EA813+48355]
(No symbol) [0x0047C4B1]
(No symbol) [0x00385358]
(No symbol) [0x003A61AC]
(No symbol) [0x003A1EF3]
(No symbol) [0x003A0579]
(No symbol) [0x003D0C55]
(No symbol) [0x003D093C]
(No symbol) [0x003CA536]
(No symbol) [0x003A82DC]
(No symbol) [0x003A93DD]
GetHandleVerifier [0x0074AABD+2539405]
GetHandleVerifier [0x0078A78F+2800735]
GetHandleVerifier [0x0078456C+2775612]
GetHandleVerifier [0x005751E0+616112]
(No symbol) [0x00485F8C]
(No symbol) [0x00482328]
(No symbol) [0x0048240B]
(No symbol) [0x00474FF7]
BaseThreadInitThunk [0x75F47D59+25]
RtlInitializeExceptionChain [0x77A5B79B+107]
RtlClearBits [0x77A5B71F+191]

at java.base/jdk.internal.reflect.NativeConstructorAccessorImpl.newInstance0(Native Method)
at java.base/jdk.internal.reflect.NativeConstructorAccessorImpl.newInstance(NativeConstructorAccessorImpl.java:77)
at java.base/jdk.internal.reflect.DelegatingConstructorAccessorImpl.newInstance(DelegatingConstructorAccessorImpl.java:45)
at java.base/java.lang.reflect.Constructor.newInstanceWithCaller(Constructor.java:499)
at java.base/java.lang.reflect.Constructor.newInstance(Constructor.java:480)
at org.openqa.selenium.remote.W3CHandshakeResponse.lambda$new$0(W3CHandshakeResponse.java:57)
at org.openqa.selenium.remote.W3CHandshakeResponse.lambda$getResponseFunction$2(W3CHandshakeResponse.java:104)
at org.openqa.selenium.remote.ProtocolHandshake.lambda$createSession$0(ProtocolHandshake.java:122)
at java.base/java.util.stream.ReferencePipeline$3$1.accept(ReferencePipeline.java:197)
at java.base/java.util.Spliterators$ArraySpliterator.tryAdvance(Spliterators.java:1002)
at java.base/java.util.stream.ReferencePipeline.forEachWithCancel(ReferencePipeline.java:129)
at java.base/java.util.stream.AbstractPipeline.copyIntoWithCancel(AbstractPipeline.java:527)
at java.base/java.util.stream.AbstractPipeline.copyInto(AbstractPipeline.java:513)
at java.base/java.util.stream.AbstractPipeline.wrapAndCopyInto(AbstractPipeline.java:499)
at java.base/java.util.stream.FindOps$FindOp.evaluateSequential(FindOps.java:150)
at java.base/java.util.stream.AbstractPipeline.evaluate(AbstractPipeline.java:234)
at java.base/java.util.stream.ReferencePipeline.findFirst(ReferencePipeline.java:647)
at org.openqa.selenium.remote.ProtocolHandshake.createSession(ProtocolHandshake.java:125)
at org.openqa.selenium.remote.ProtocolHandshake.createSession(ProtocolHandshake.java:73)
at org.openqa.selenium.remote.HttpCommandExecutor.execute(HttpCommandExecutor.java:136)
at org.openqa.selenium.remote.service.DriverCommandExecutor.execute(DriverCommandExecutor.java:83)
at org.openqa.selenium.remote.RemoteWebDriver.execute(RemoteWebDriver.java:548)
at org.openqa.selenium.remote.RemoteWebDriver.startSession(RemoteWebDriver.java:212)
at org.openqa.selenium.remote.RemoteWebDriver.<init>(RemoteWebDriver.java:130)
at org.openqa.selenium.chrome.ChromeDriver.<init>(ChromeDriver.java:181)
at org.openqa.selenium.chrome.ChromeDriver.<init>(ChromeDriver.java:168)
at org.openqa.selenium.chrome.ChromeDriver.<init>(ChromeDriver.java:157)
at com.Cosmoslots.utilities.BaseClass.setup(BaseClass.java:134)
at java.base/jdk.internal.reflect.NativeMethodAccessorImpl.invoke0(Native Method)
at java.base/jdk.internal.reflect.NativeMethodAccessorImpl.invoke(NativeMethodAccessorImpl.java:77)
at java.base/jdk.internal.reflect.DelegatingMethodAccessorImpl.invoke(DelegatingMethodAccessorImpl.java:43)
at java.base/java.lang.reflect.Method.invoke(Method.java:568)
at org.testng.internal.invokers.MethodInvocationHelper.invokeMethod(MethodInvocationHelper.java:139)
at org.testng.internal.invokers.MethodInvocationHelper.invokeMethodConsideringTimeout(MethodInvocationHelper.java:69)
at org.testng.internal.invokers.ConfigInvoker.invokeConfigurationMethod(ConfigInvoker.java:361)
at org.testng.internal.invokers.ConfigInvoker.invokeConfigurations(ConfigInvoker.java:296)
at org.testng.SuiteRunner.privateRun(SuiteRunner.java:376)
at org.testng.SuiteRunner.run(SuiteRunner.java:330)
at org.testng.SuiteRunnerWorker.runSuite(SuiteRunnerWorker.java:52)
at org.testng.SuiteRunnerWorker.run(SuiteRunnerWorker.java:95)
at org.testng.TestNG.runSuitesSequentially(TestNG.java:1256)
at org.testng.TestNG.runSuitesLocally(TestNG.java:1176)
at org.testng.TestNG.runSuites(TestNG.java:1099)
at org.testng.TestNG.run(TestNG.java:1067)
at org.testng.remote.AbstractRemoteTestNG.run(AbstractRemoteTestNG.java:115)
at org.testng.remote.RemoteTestNG.initAndRun(RemoteTestNG.java:251)
at org.testng.remote.RemoteTestNG.main(RemoteTestNG.java:77)
]]>
    </error>
  </testcase> <!-- setup -->
  <system-out/>
  <testcase classname="com.Cosmoslots.testCases.UserManagementTest" name="K_TC_User_ManagementTest_EnterCashAppIDandUploadQRCodeinmyprofile" time="0.001">
    <skipped/>
  </testcase> <!-- K_TC_User_ManagementTest_EnterCashAppIDandUploadQRCodeinmyprofile -->
  <system-out/>
  <testcase classname="com.Cosmoslots.testCases.UserManagementTest" name="Kd_TC_User_ManagementTest_TokenLedger" time="0.000">
    <skipped/>
  </testcase> <!-- Kd_TC_User_ManagementTest_TokenLedger -->
  <system-out/>
  <testcase classname="com.Cosmoslots.testCases.UserManagementTest" name="Ke_TC_User_ManagementTest_TotalCountTokenLedger" time="0.000">
    <skipped/>
  </testcase> <!-- Ke_TC_User_ManagementTest_TotalCountTokenLedger -->
  <system-out/>
  <testcase classname="com.Cosmoslots.testCases.UserManagementTest" name="Ka_TC_User_ManagementTest_Dontedittheuserrole" time="0.000">
    <skipped/>
  </testcase> <!-- Ka_TC_User_ManagementTest_Dontedittheuserrole -->
  <system-out/>
  <testcase classname="com.Cosmoslots.testCases.UserManagementTest" name="H_TC_Users_User_ManagementTest_ManageStore" time="0.000">
    <skipped/>
  </testcase> <!-- H_TC_Users_User_ManagementTest_ManageStore -->
  <system-out/>
  <testcase classname="com.Cosmoslots.testCases.UserManagementTest" name="I_TC_Users_User_ManagementTest_ActiveInActive" time="0.000">
    <skipped/>
  </testcase> <!-- I_TC_Users_User_ManagementTest_ActiveInActive -->
  <system-out/>
  <testcase classname="com.Cosmoslots.testCases.UserManagementTest" name="A_TC_User_ManagementTest_Redirect" time="0.000">
    <skipped/>
  </testcase> <!-- A_TC_User_ManagementTest_Redirect -->
  <system-out/>
  <testcase classname="com.Cosmoslots.testCases.UserManagementTest" name="Kb_TC_User_ManagementTest_CreateReadOnlyUser_POS" time="0.000">
    <skipped/>
  </testcase> <!-- Kb_TC_User_ManagementTest_CreateReadOnlyUser_POS -->
  <system-out/>
  <testcase classname="com.Cosmoslots.testCases.UserManagementTest" name="F_TC_Users_User_ManagementTest_XLSX" time="0.000">
    <skipped/>
  </testcase> <!-- F_TC_Users_User_ManagementTest_XLSX -->
  <system-out/>
  <testcase classname="com.Cosmoslots.testCases.UserManagementTest" name="G_TC_Users_User_ManagementTest_EditUsers" time="0.000">
    <skipped/>
  </testcase> <!-- G_TC_Users_User_ManagementTest_EditUsers -->
  <system-out/>
  <testcase classname="com.Cosmoslots.testCases.UserManagementTest" name="B_TC_Users_User_ManagementTest_SearchUser" time="0.000">
    <skipped/>
  </testcase> <!-- B_TC_Users_User_ManagementTest_SearchUser -->
  <system-out/>
  <testcase classname="com.Cosmoslots.testCases.UserManagementTest" name="J_TC_Users_User_ManagementTest_LoginFootprints" time="0.000">
    <skipped/>
  </testcase> <!-- J_TC_Users_User_ManagementTest_LoginFootprints -->
  <system-out/>
</testsuite> <!-- com.Cosmoslots.testCases.UserManagementTest -->
